{"/Users/samiullah/kobys-threads/src/components/Navigation.tsx": {"path":"/Users/samiullah/kobys-threads/src/components/Navigation.tsx","statementMap":{"0":{"start":{"line":8,"column":19},"end":{"line":250,"column":null}},"1":{"start":{"line":9,"column":8},"end":{"line":9,"column":null}},"2":{"start":{"line":10,"column":8},"end":{"line":10,"column":null}},"3":{"start":{"line":11,"column":31},"end":{"line":11,"column":null}},"4":{"start":{"line":12,"column":40},"end":{"line":12,"column":null}},"5":{"start":{"line":13,"column":34},"end":{"line":13,"column":null}},"6":{"start":{"line":14,"column":30},"end":{"line":14,"column":null}},"7":{"start":{"line":15,"column":38},"end":{"line":15,"column":null}},"8":{"start":{"line":17,"column":2},"end":{"line":21,"column":null}},"9":{"start":{"line":18,"column":25},"end":{"line":18,"column":null}},"10":{"start":{"line":18,"column":31},"end":{"line":18,"column":null}},"11":{"start":{"line":19,"column":4},"end":{"line":19,"column":null}},"12":{"start":{"line":20,"column":4},"end":{"line":20,"column":null}},"13":{"start":{"line":20,"column":17},"end":{"line":20,"column":null}},"14":{"start":{"line":23,"column":2},"end":{"line":26,"column":null}},"15":{"start":{"line":24,"column":4},"end":{"line":24,"column":null}},"16":{"start":{"line":25,"column":4},"end":{"line":25,"column":null}},"17":{"start":{"line":28,"column":19},"end":{"line":33,"column":null}},"18":{"start":{"line":35,"column":20},"end":{"line":35,"column":null}},"19":{"start":{"line":35,"column":52},"end":{"line":35,"column":73}},"20":{"start":{"line":37,"column":2},"end":{"line":248,"column":null}},"21":{"start":{"line":59,"column":27},"end":{"line":59,"column":null}},"22":{"start":{"line":83,"column":16},"end":{"line":99,"column":null}},"23":{"start":{"line":85,"column":33},"end":{"line":85,"column":null}},"24":{"start":{"line":95,"column":37},"end":{"line":95,"column":null}},"25":{"start":{"line":96,"column":37},"end":{"line":96,"column":null}},"26":{"start":{"line":108,"column":29},"end":{"line":108,"column":null}},"27":{"start":{"line":117,"column":29},"end":{"line":117,"column":null}},"28":{"start":{"line":128,"column":33},"end":{"line":128,"column":null}},"29":{"start":{"line":159,"column":24},"end":{"line":165,"column":null}},"30":{"start":{"line":161,"column":43},"end":{"line":161,"column":64}},"31":{"start":{"line":161,"column":64},"end":{"line":161,"column":87}},"32":{"start":{"line":167,"column":47},"end":{"line":167,"column":57}},"33":{"start":{"line":167,"column":57},"end":{"line":167,"column":80}},"34":{"start":{"line":178,"column":37},"end":{"line":178,"column":65}},"35":{"start":{"line":194,"column":29},"end":{"line":194,"column":null}},"36":{"start":{"line":216,"column":18},"end":{"line":230,"column":null}},"37":{"start":{"line":218,"column":37},"end":{"line":218,"column":58}},"38":{"start":{"line":218,"column":58},"end":{"line":218,"column":79}},"39":{"start":{"line":237,"column":45},"end":{"line":237,"column":67}},"40":{"start":{"line":237,"column":67},"end":{"line":237,"column":88}},"41":{"start":{"line":238,"column":45},"end":{"line":238,"column":55}},"42":{"start":{"line":238,"column":55},"end":{"line":238,"column":76}},"43":{"start":{"line":241,"column":43},"end":{"line":241,"column":69}},"44":{"start":{"line":241,"column":69},"end":{"line":241,"column":90}},"45":{"start":{"line":252,"column":42},"end":{"line":261,"column":null}},"46":{"start":{"line":263,"column":43},"end":{"line":272,"column":null}},"47":{"start":{"line":274,"column":49},"end":{"line":284,"column":null}},"48":{"start":{"line":286,"column":14},"end":{"line":303,"column":null}},"49":{"start":{"line":287,"column":2},"end":{"line":303,"column":null}}},"fnMap":{"0":{"name":"(anonymous_0)","decl":{"start":{"line":8,"column":19},"end":{"line":8,"column":25}},"loc":{"start":{"line":8,"column":25},"end":{"line":250,"column":null}},"line":8},"1":{"name":"(anonymous_1)","decl":{"start":{"line":17,"column":12},"end":{"line":17,"column":18}},"loc":{"start":{"line":17,"column":18},"end":{"line":21,"column":5}},"line":17},"2":{"name":"(anonymous_2)","decl":{"start":{"line":18,"column":25},"end":{"line":18,"column":31}},"loc":{"start":{"line":18,"column":31},"end":{"line":18,"column":null}},"line":18},"3":{"name":"(anonymous_3)","decl":{"start":{"line":20,"column":11},"end":{"line":20,"column":17}},"loc":{"start":{"line":20,"column":17},"end":{"line":20,"column":null}},"line":20},"4":{"name":"(anonymous_4)","decl":{"start":{"line":23,"column":12},"end":{"line":23,"column":18}},"loc":{"start":{"line":23,"column":18},"end":{"line":26,"column":5}},"line":23},"5":{"name":"(anonymous_5)","decl":{"start":{"line":35,"column":37},"end":{"line":35,"column":38}},"loc":{"start":{"line":35,"column":52},"end":{"line":35,"column":73}},"line":35},"6":{"name":"(anonymous_6)","decl":{"start":{"line":59,"column":21},"end":{"line":59,"column":27}},"loc":{"start":{"line":59,"column":27},"end":{"line":59,"column":null}},"line":59},"7":{"name":"(anonymous_7)","decl":{"start":{"line":82,"column":28},"end":{"line":82,"column":null}},"loc":{"start":{"line":83,"column":16},"end":{"line":99,"column":null}},"line":83},"8":{"name":"(anonymous_8)","decl":{"start":{"line":85,"column":27},"end":{"line":85,"column":33}},"loc":{"start":{"line":85,"column":33},"end":{"line":85,"column":null}},"line":85},"9":{"name":"(anonymous_9)","decl":{"start":{"line":95,"column":32},"end":{"line":95,"column":37}},"loc":{"start":{"line":95,"column":37},"end":{"line":95,"column":null}},"line":95},"10":{"name":"(anonymous_10)","decl":{"start":{"line":96,"column":32},"end":{"line":96,"column":37}},"loc":{"start":{"line":96,"column":37},"end":{"line":96,"column":null}},"line":96},"11":{"name":"(anonymous_11)","decl":{"start":{"line":108,"column":23},"end":{"line":108,"column":29}},"loc":{"start":{"line":108,"column":29},"end":{"line":108,"column":null}},"line":108},"12":{"name":"(anonymous_12)","decl":{"start":{"line":117,"column":23},"end":{"line":117,"column":29}},"loc":{"start":{"line":117,"column":29},"end":{"line":117,"column":null}},"line":117},"13":{"name":"(anonymous_13)","decl":{"start":{"line":128,"column":27},"end":{"line":128,"column":33}},"loc":{"start":{"line":128,"column":33},"end":{"line":128,"column":null}},"line":128},"14":{"name":"(anonymous_14)","decl":{"start":{"line":158,"column":28},"end":{"line":158,"column":null}},"loc":{"start":{"line":159,"column":24},"end":{"line":165,"column":null}},"line":159},"15":{"name":"(anonymous_15)","decl":{"start":{"line":161,"column":35},"end":{"line":161,"column":41}},"loc":{"start":{"line":161,"column":41},"end":{"line":161,"column":null}},"line":161},"16":{"name":"(anonymous_16)","decl":{"start":{"line":167,"column":39},"end":{"line":167,"column":45}},"loc":{"start":{"line":167,"column":45},"end":{"line":167,"column":83}},"line":167},"17":{"name":"(anonymous_17)","decl":{"start":{"line":178,"column":31},"end":{"line":178,"column":37}},"loc":{"start":{"line":178,"column":37},"end":{"line":178,"column":65}},"line":178},"18":{"name":"(anonymous_18)","decl":{"start":{"line":194,"column":23},"end":{"line":194,"column":29}},"loc":{"start":{"line":194,"column":29},"end":{"line":194,"column":null}},"line":194},"19":{"name":"(anonymous_19)","decl":{"start":{"line":215,"column":65},"end":{"line":215,"column":null}},"loc":{"start":{"line":216,"column":18},"end":{"line":230,"column":null}},"line":216},"20":{"name":"(anonymous_20)","decl":{"start":{"line":218,"column":29},"end":{"line":218,"column":35}},"loc":{"start":{"line":218,"column":35},"end":{"line":218,"column":null}},"line":218},"21":{"name":"(anonymous_21)","decl":{"start":{"line":237,"column":37},"end":{"line":237,"column":43}},"loc":{"start":{"line":237,"column":43},"end":{"line":237,"column":91}},"line":237},"22":{"name":"(anonymous_22)","decl":{"start":{"line":238,"column":37},"end":{"line":238,"column":43}},"loc":{"start":{"line":238,"column":43},"end":{"line":238,"column":79}},"line":238},"23":{"name":"(anonymous_23)","decl":{"start":{"line":241,"column":35},"end":{"line":241,"column":41}},"loc":{"start":{"line":241,"column":41},"end":{"line":241,"column":93}},"line":241},"24":{"name":"(anonymous_24)","decl":{"start":{"line":286,"column":14},"end":{"line":286,"column":15}},"loc":{"start":{"line":287,"column":2},"end":{"line":303,"column":null}},"line":287}},"branchMap":{"0":{"loc":{"start":{"line":80,"column":11},"end":{"line":101,"column":null}},"type":"binary-expr","locations":[{"start":{"line":80,"column":11},"end":{"line":80,"column":null}},{"start":{"line":81,"column":12},"end":{"line":101,"column":null}}],"line":80},"1":{"loc":{"start":{"line":91,"column":27},"end":{"line":91,"column":null}},"type":"cond-expr","locations":[{"start":{"line":91,"column":61},"end":{"line":91,"column":70}},{"start":{"line":91,"column":70},"end":{"line":91,"column":null}}],"line":91},"2":{"loc":{"start":{"line":96,"column":67},"end":{"line":96,"column":null}},"type":"cond-expr","locations":[{"start":{"line":96,"column":101},"end":{"line":96,"column":110}},{"start":{"line":96,"column":110},"end":{"line":96,"column":null}}],"line":96},"3":{"loc":{"start":{"line":112,"column":15},"end":{"line":112,"column":null}},"type":"binary-expr","locations":[{"start":{"line":112,"column":15},"end":{"line":112,"column":39}},{"start":{"line":112,"column":39},"end":{"line":112,"column":null}}],"line":112},"4":{"loc":{"start":{"line":121,"column":15},"end":{"line":121,"column":null}},"type":"binary-expr","locations":[{"start":{"line":121,"column":15},"end":{"line":121,"column":32}},{"start":{"line":121,"column":32},"end":{"line":121,"column":null}}],"line":121},"5":{"loc":{"start":{"line":125,"column":13},"end":{"line":173,"column":null}},"type":"binary-expr","locations":[{"start":{"line":125,"column":13},"end":{"line":125,"column":null}},{"start":{"line":126,"column":14},"end":{"line":173,"column":null}}],"line":125},"6":{"loc":{"start":{"line":128,"column":33},"end":{"line":128,"column":null}},"type":"cond-expr","locations":[{"start":{"line":128,"column":51},"end":{"line":128,"column":84}},{"start":{"line":128,"column":84},"end":{"line":128,"column":null}}],"line":128},"7":{"loc":{"start":{"line":135,"column":19},"end":{"line":170,"column":null}},"type":"binary-expr","locations":[{"start":{"line":135,"column":19},"end":{"line":135,"column":35}},{"start":{"line":135,"column":35},"end":{"line":135,"column":null}},{"start":{"line":136,"column":20},"end":{"line":170,"column":null}}],"line":135},"8":{"loc":{"start":{"line":177,"column":13},"end":{"line":180,"column":null}},"type":"binary-expr","locations":[{"start":{"line":177,"column":13},"end":{"line":177,"column":null}},{"start":{"line":178,"column":14},"end":{"line":180,"column":null}}],"line":177},"9":{"loc":{"start":{"line":179,"column":17},"end":{"line":179,"column":null}},"type":"cond-expr","locations":[{"start":{"line":179,"column":30},"end":{"line":179,"column":48}},{"start":{"line":179,"column":48},"end":{"line":179,"column":null}}],"line":179},"10":{"loc":{"start":{"line":188,"column":9},"end":{"line":245,"column":null}},"type":"binary-expr","locations":[{"start":{"line":188,"column":9},"end":{"line":188,"column":23}},{"start":{"line":188,"column":23},"end":{"line":188,"column":null}},{"start":{"line":189,"column":10},"end":{"line":245,"column":null}}],"line":188},"11":{"loc":{"start":{"line":225,"column":29},"end":{"line":225,"column":null}},"type":"cond-expr","locations":[{"start":{"line":225,"column":63},"end":{"line":225,"column":72}},{"start":{"line":225,"column":72},"end":{"line":225,"column":null}}],"line":225},"12":{"loc":{"start":{"line":235,"column":17},"end":{"line":241,"column":null}},"type":"cond-expr","locations":[{"start":{"line":236,"column":18},"end":{"line":239,"column":null}},{"start":{"line":241,"column":18},"end":{"line":241,"column":null}}],"line":235}},"s":{"0":1,"1":12,"2":12,"3":12,"4":12,"5":12,"6":12,"7":12,"8":12,"9":11,"10":0,"11":11,"12":11,"13":11,"14":12,"15":11,"16":11,"17":12,"18":12,"19":5,"20":12,"21":1,"22":28,"23":1,"24":1,"25":0,"26":1,"27":0,"28":0,"29":0,"30":0,"31":0,"32":0,"33":0,"34":0,"35":0,"36":0,"37":0,"38":0,"39":0,"40":0,"41":0,"42":0,"43":0,"44":0,"45":1,"46":1,"47":1,"48":1,"49":3},"f":{"0":12,"1":11,"2":0,"3":11,"4":11,"5":5,"6":1,"7":28,"8":1,"9":1,"10":0,"11":1,"12":0,"13":0,"14":0,"15":0,"16":0,"17":0,"18":0,"19":0,"20":0,"21":0,"22":0,"23":0,"24":3},"b":{"0":[12,7],"1":[0,28],"2":[0,0],"3":[12,0],"4":[12,3],"5":[12,7],"6":[0,0],"7":[7,0,0],"8":[12,5],"9":[0,5],"10":[12,0,0],"11":[0,0],"12":[0,0]},"meta":{"lastBranch":13,"lastFunction":25,"lastStatement":50,"seen":{"s:8:19:250:Infinity":0,"f:8:19:8:25":0,"s:9:8:9:Infinity":1,"s:10:8:10:Infinity":2,"s:11:31:11:Infinity":3,"s:12:40:12:Infinity":4,"s:13:34:13:Infinity":5,"s:14:30:14:Infinity":6,"s:15:38:15:Infinity":7,"s:17:2:21:Infinity":8,"f:17:12:17:18":1,"s:18:25:18:Infinity":9,"f:18:25:18:31":2,"s:18:31:18:Infinity":10,"s:19:4:19:Infinity":11,"s:20:4:20:Infinity":12,"f:20:11:20:17":3,"s:20:17:20:Infinity":13,"s:23:2:26:Infinity":14,"f:23:12:23:18":4,"s:24:4:24:Infinity":15,"s:25:4:25:Infinity":16,"s:28:19:33:Infinity":17,"s:35:20:35:Infinity":18,"f:35:37:35:38":5,"s:35:52:35:73":19,"s:37:2:248:Infinity":20,"f:59:21:59:27":6,"s:59:27:59:Infinity":21,"b:80:11:80:Infinity:81:12:101:Infinity":0,"f:82:28:82:Infinity":7,"s:83:16:99:Infinity":22,"f:85:27:85:33":8,"s:85:33:85:Infinity":23,"b:91:61:91:70:91:70:91:Infinity":1,"f:95:32:95:37":9,"s:95:37:95:Infinity":24,"f:96:32:96:37":10,"s:96:37:96:Infinity":25,"b:96:101:96:110:96:110:96:Infinity":2,"f:108:23:108:29":11,"s:108:29:108:Infinity":26,"b:112:15:112:39:112:39:112:Infinity":3,"f:117:23:117:29":12,"s:117:29:117:Infinity":27,"b:121:15:121:32:121:32:121:Infinity":4,"b:125:13:125:Infinity:126:14:173:Infinity":5,"f:128:27:128:33":13,"s:128:33:128:Infinity":28,"b:128:51:128:84:128:84:128:Infinity":6,"b:135:19:135:35:135:35:135:Infinity:136:20:170:Infinity":7,"f:158:28:158:Infinity":14,"s:159:24:165:Infinity":29,"f:161:35:161:41":15,"s:161:43:161:64":30,"s:161:64:161:87":31,"f:167:39:167:45":16,"s:167:47:167:57":32,"s:167:57:167:80":33,"b:177:13:177:Infinity:178:14:180:Infinity":8,"f:178:31:178:37":17,"s:178:37:178:65":34,"b:179:30:179:48:179:48:179:Infinity":9,"b:188:9:188:23:188:23:188:Infinity:189:10:245:Infinity":10,"f:194:23:194:29":18,"s:194:29:194:Infinity":35,"f:215:65:215:Infinity":19,"s:216:18:230:Infinity":36,"f:218:29:218:35":20,"s:218:37:218:58":37,"s:218:58:218:79":38,"b:225:63:225:72:225:72:225:Infinity":11,"b:236:18:239:Infinity:241:18:241:Infinity":12,"f:237:37:237:43":21,"s:237:45:237:67":39,"s:237:67:237:88":40,"f:238:37:238:43":22,"s:238:45:238:55":41,"s:238:55:238:76":42,"f:241:35:241:41":23,"s:241:43:241:69":43,"s:241:69:241:90":44,"s:252:42:261:Infinity":45,"s:263:43:272:Infinity":46,"s:274:49:284:Infinity":47,"s:286:14:303:Infinity":48,"f:286:14:286:15":24,"s:287:2:303:Infinity":49}}}
,"/Users/samiullah/kobys-threads/src/contexts/AuthContext.tsx": {"path":"/Users/samiullah/kobys-threads/src/contexts/AuthContext.tsx","statementMap":{"0":{"start":{"line":59,"column":13},"end":{"line":59,"column":null}},"1":{"start":{"line":62,"column":28},"end":{"line":86,"column":null}},"2":{"start":{"line":63,"column":2},"end":{"line":85,"column":null}},"3":{"start":{"line":68,"column":40},"end":{"line":73,"column":6}},"4":{"start":{"line":75,"column":54},"end":{"line":80,"column":6}},"5":{"start":{"line":88,"column":28},"end":{"line":251,"column":null}},"6":{"start":{"line":89,"column":22},"end":{"line":89,"column":null}},"7":{"start":{"line":90,"column":44},"end":{"line":90,"column":null}},"8":{"start":{"line":102,"column":2},"end":{"line":102,"column":null}},"9":{"start":{"line":104,"column":2},"end":{"line":123,"column":null}},"10":{"start":{"line":106,"column":22},"end":{"line":106,"column":null}},"11":{"start":{"line":107,"column":4},"end":{"line":122,"column":null}},"12":{"start":{"line":108,"column":6},"end":{"line":121,"column":null}},"13":{"start":{"line":109,"column":25},"end":{"line":109,"column":null}},"14":{"start":{"line":111,"column":26},"end":{"line":111,"column":null}},"15":{"start":{"line":112,"column":8},"end":{"line":118,"column":null}},"16":{"start":{"line":113,"column":10},"end":{"line":113,"column":null}},"17":{"start":{"line":114,"column":10},"end":{"line":114,"column":null}},"18":{"start":{"line":117,"column":10},"end":{"line":117,"column":null}},"19":{"start":{"line":120,"column":8},"end":{"line":120,"column":null}},"20":{"start":{"line":125,"column":16},"end":{"line":137,"column":null}},"21":{"start":{"line":126,"column":30},"end":{"line":126,"column":null}},"22":{"start":{"line":128,"column":4},"end":{"line":134,"column":null}},"23":{"start":{"line":129,"column":25},"end":{"line":129,"column":null}},"24":{"start":{"line":130,"column":6},"end":{"line":130,"column":null}},"25":{"start":{"line":131,"column":6},"end":{"line":131,"column":null}},"26":{"start":{"line":132,"column":6},"end":{"line":132,"column":null}},"27":{"start":{"line":133,"column":6},"end":{"line":133,"column":null}},"28":{"start":{"line":136,"column":4},"end":{"line":136,"column":null}},"29":{"start":{"line":139,"column":17},"end":{"line":143,"column":null}},"30":{"start":{"line":140,"column":4},"end":{"line":140,"column":null}},"31":{"start":{"line":141,"column":4},"end":{"line":141,"column":null}},"32":{"start":{"line":142,"column":4},"end":{"line":142,"column":null}},"33":{"start":{"line":145,"column":19},"end":{"line":157,"column":null}},"34":{"start":{"line":146,"column":19},"end":{"line":146,"column":null}},"35":{"start":{"line":148,"column":4},"end":{"line":154,"column":null}},"36":{"start":{"line":150,"column":25},"end":{"line":150,"column":null}},"37":{"start":{"line":151,"column":6},"end":{"line":151,"column":null}},"38":{"start":{"line":152,"column":6},"end":{"line":152,"column":null}},"39":{"start":{"line":153,"column":6},"end":{"line":153,"column":null}},"40":{"start":{"line":156,"column":4},"end":{"line":156,"column":null}},"41":{"start":{"line":159,"column":25},"end":{"line":165,"column":null}},"42":{"start":{"line":160,"column":4},"end":{"line":162,"column":null}},"43":{"start":{"line":161,"column":6},"end":{"line":161,"column":null}},"44":{"start":{"line":164,"column":4},"end":{"line":164,"column":null}},"45":{"start":{"line":167,"column":24},"end":{"line":183,"column":null}},"46":{"start":{"line":168,"column":4},"end":{"line":168,"column":null}},"47":{"start":{"line":168,"column":15},"end":{"line":168,"column":null}},"48":{"start":{"line":170,"column":20},"end":{"line":170,"column":null}},"49":{"start":{"line":172,"column":4},"end":{"line":180,"column":null}},"50":{"start":{"line":174,"column":31},"end":{"line":174,"column":null}},"51":{"start":{"line":175,"column":6},"end":{"line":179,"column":null}},"52":{"start":{"line":176,"column":27},"end":{"line":176,"column":null}},"53":{"start":{"line":177,"column":8},"end":{"line":177,"column":null}},"54":{"start":{"line":178,"column":8},"end":{"line":178,"column":null}},"55":{"start":{"line":182,"column":4},"end":{"line":182,"column":null}},"56":{"start":{"line":185,"column":25},"end":{"line":197,"column":null}},"57":{"start":{"line":186,"column":4},"end":{"line":196,"column":null}},"58":{"start":{"line":187,"column":22},"end":{"line":187,"column":null}},"59":{"start":{"line":188,"column":6},"end":{"line":195,"column":null}},"60":{"start":{"line":189,"column":28},"end":{"line":192,"column":null}},"61":{"start":{"line":193,"column":8},"end":{"line":193,"column":null}},"62":{"start":{"line":194,"column":8},"end":{"line":194,"column":null}},"63":{"start":{"line":199,"column":30},"end":{"line":211,"column":null}},"64":{"start":{"line":200,"column":4},"end":{"line":210,"column":null}},"65":{"start":{"line":201,"column":22},"end":{"line":201,"column":null}},"66":{"start":{"line":202,"column":6},"end":{"line":209,"column":null}},"67":{"start":{"line":203,"column":28},"end":{"line":206,"column":null}},"68":{"start":{"line":205,"column":49},"end":{"line":205,"column":65}},"69":{"start":{"line":207,"column":8},"end":{"line":207,"column":null}},"70":{"start":{"line":208,"column":8},"end":{"line":208,"column":null}},"71":{"start":{"line":213,"column":26},"end":{"line":233,"column":null}},"72":{"start":{"line":214,"column":4},"end":{"line":232,"column":null}},"73":{"start":{"line":215,"column":22},"end":{"line":215,"column":null}},"74":{"start":{"line":216,"column":6},"end":{"line":231,"column":null}},"75":{"start":{"line":217,"column":47},"end":{"line":223,"column":null}},"76":{"start":{"line":225,"column":28},"end":{"line":228,"column":null}},"77":{"start":{"line":229,"column":8},"end":{"line":229,"column":null}},"78":{"start":{"line":230,"column":8},"end":{"line":230,"column":null}},"79":{"start":{"line":235,"column":2},"end":{"line":249,"column":null}}},"fnMap":{"0":{"name":"(anonymous_0)","decl":{"start":{"line":62,"column":28},"end":{"line":62,"column":29}},"loc":{"start":{"line":62,"column":62},"end":{"line":86,"column":null}},"line":62},"1":{"name":"(anonymous_1)","decl":{"start":{"line":68,"column":34},"end":{"line":68,"column":40}},"loc":{"start":{"line":68,"column":40},"end":{"line":73,"column":6}},"line":68},"2":{"name":"(anonymous_2)","decl":{"start":{"line":75,"column":48},"end":{"line":75,"column":54}},"loc":{"start":{"line":75,"column":54},"end":{"line":80,"column":6}},"line":75},"3":{"name":"(anonymous_3)","decl":{"start":{"line":88,"column":28},"end":{"line":88,"column":29}},"loc":{"start":{"line":88,"column":71},"end":{"line":251,"column":null}},"line":88},"4":{"name":"(anonymous_4)","decl":{"start":{"line":104,"column":12},"end":{"line":104,"column":18}},"loc":{"start":{"line":104,"column":18},"end":{"line":123,"column":5}},"line":104},"5":{"name":"(anonymous_5)","decl":{"start":{"line":125,"column":16},"end":{"line":125,"column":23}},"loc":{"start":{"line":125,"column":77},"end":{"line":137,"column":null}},"line":125},"6":{"name":"(anonymous_6)","decl":{"start":{"line":139,"column":17},"end":{"line":139,"column":23}},"loc":{"start":{"line":139,"column":23},"end":{"line":143,"column":null}},"line":139},"7":{"name":"(anonymous_7)","decl":{"start":{"line":145,"column":19},"end":{"line":145,"column":26}},"loc":{"start":{"line":145,"column":124},"end":{"line":157,"column":null}},"line":145},"8":{"name":"(anonymous_8)","decl":{"start":{"line":159,"column":25},"end":{"line":159,"column":32}},"loc":{"start":{"line":159,"column":125},"end":{"line":165,"column":null}},"line":159},"9":{"name":"(anonymous_9)","decl":{"start":{"line":167,"column":24},"end":{"line":167,"column":31}},"loc":{"start":{"line":167,"column":119},"end":{"line":183,"column":null}},"line":167},"10":{"name":"(anonymous_10)","decl":{"start":{"line":185,"column":25},"end":{"line":185,"column":26}},"loc":{"start":{"line":185,"column":48},"end":{"line":197,"column":null}},"line":185},"11":{"name":"(anonymous_11)","decl":{"start":{"line":199,"column":30},"end":{"line":199,"column":31}},"loc":{"start":{"line":199,"column":53},"end":{"line":211,"column":null}},"line":199},"12":{"name":"(anonymous_12)","decl":{"start":{"line":205,"column":43},"end":{"line":205,"column":49}},"loc":{"start":{"line":205,"column":49},"end":{"line":205,"column":65}},"line":205},"13":{"name":"(anonymous_13)","decl":{"start":{"line":213,"column":26},"end":{"line":213,"column":27}},"loc":{"start":{"line":213,"column":89},"end":{"line":233,"column":null}},"line":213}},"branchMap":{"0":{"loc":{"start":{"line":70,"column":14},"end":{"line":72,"column":null}},"type":"cond-expr","locations":[{"start":{"line":71,"column":10},"end":{"line":71,"column":null}},{"start":{"line":72,"column":10},"end":{"line":72,"column":null}}],"line":70},"1":{"loc":{"start":{"line":70,"column":14},"end":{"line":70,"column":null}},"type":"binary-expr","locations":[{"start":{"line":70,"column":14},"end":{"line":70,"column":43}},{"start":{"line":70,"column":43},"end":{"line":70,"column":null}}],"line":70},"2":{"loc":{"start":{"line":77,"column":14},"end":{"line":79,"column":null}},"type":"cond-expr","locations":[{"start":{"line":78,"column":10},"end":{"line":78,"column":null}},{"start":{"line":79,"column":10},"end":{"line":79,"column":null}}],"line":77},"3":{"loc":{"start":{"line":107,"column":4},"end":{"line":122,"column":null}},"type":"if","locations":[{"start":{"line":107,"column":4},"end":{"line":122,"column":null}},{"start":{},"end":{}}],"line":107},"4":{"loc":{"start":{"line":112,"column":8},"end":{"line":118,"column":null}},"type":"if","locations":[{"start":{"line":112,"column":8},"end":{"line":118,"column":null}},{"start":{"line":115,"column":15},"end":{"line":118,"column":null}}],"line":112},"5":{"loc":{"start":{"line":112,"column":12},"end":{"line":112,"column":45}},"type":"binary-expr","locations":[{"start":{"line":112,"column":12},"end":{"line":112,"column":25}},{"start":{"line":112,"column":25},"end":{"line":112,"column":45}}],"line":112},"6":{"loc":{"start":{"line":128,"column":4},"end":{"line":134,"column":null}},"type":"if","locations":[{"start":{"line":128,"column":4},"end":{"line":134,"column":null}},{"start":{},"end":{}}],"line":128},"7":{"loc":{"start":{"line":148,"column":4},"end":{"line":154,"column":null}},"type":"if","locations":[{"start":{"line":148,"column":4},"end":{"line":154,"column":null}},{"start":{},"end":{}}],"line":148},"8":{"loc":{"start":{"line":148,"column":8},"end":{"line":148,"column":39}},"type":"binary-expr","locations":[{"start":{"line":148,"column":8},"end":{"line":148,"column":26}},{"start":{"line":148,"column":26},"end":{"line":148,"column":39}}],"line":148},"9":{"loc":{"start":{"line":160,"column":4},"end":{"line":162,"column":null}},"type":"if","locations":[{"start":{"line":160,"column":4},"end":{"line":162,"column":null}},{"start":{},"end":{}}],"line":160},"10":{"loc":{"start":{"line":168,"column":4},"end":{"line":168,"column":null}},"type":"if","locations":[{"start":{"line":168,"column":4},"end":{"line":168,"column":null}},{"start":{},"end":{}}],"line":168},"11":{"loc":{"start":{"line":172,"column":4},"end":{"line":180,"column":null}},"type":"if","locations":[{"start":{"line":172,"column":4},"end":{"line":180,"column":null}},{"start":{},"end":{}}],"line":172},"12":{"loc":{"start":{"line":175,"column":6},"end":{"line":179,"column":null}},"type":"if","locations":[{"start":{"line":175,"column":6},"end":{"line":179,"column":null}},{"start":{},"end":{}}],"line":175},"13":{"loc":{"start":{"line":186,"column":4},"end":{"line":196,"column":null}},"type":"if","locations":[{"start":{"line":186,"column":4},"end":{"line":196,"column":null}},{"start":{},"end":{}}],"line":186},"14":{"loc":{"start":{"line":188,"column":6},"end":{"line":195,"column":null}},"type":"if","locations":[{"start":{"line":188,"column":6},"end":{"line":195,"column":null}},{"start":{},"end":{}}],"line":188},"15":{"loc":{"start":{"line":200,"column":4},"end":{"line":210,"column":null}},"type":"if","locations":[{"start":{"line":200,"column":4},"end":{"line":210,"column":null}},{"start":{},"end":{}}],"line":200},"16":{"loc":{"start":{"line":202,"column":6},"end":{"line":209,"column":null}},"type":"if","locations":[{"start":{"line":202,"column":6},"end":{"line":209,"column":null}},{"start":{},"end":{}}],"line":202},"17":{"loc":{"start":{"line":214,"column":4},"end":{"line":232,"column":null}},"type":"if","locations":[{"start":{"line":214,"column":4},"end":{"line":232,"column":null}},{"start":{},"end":{}}],"line":214},"18":{"loc":{"start":{"line":216,"column":6},"end":{"line":231,"column":null}},"type":"if","locations":[{"start":{"line":216,"column":6},"end":{"line":231,"column":null}},{"start":{},"end":{}}],"line":216}},"s":{"0":1,"1":1,"2":0,"3":0,"4":0,"5":1,"6":12,"7":12,"8":12,"9":12,"10":11,"11":11,"12":0,"13":0,"14":0,"15":0,"16":0,"17":0,"18":0,"19":0,"20":12,"21":0,"22":0,"23":0,"24":0,"25":0,"26":0,"27":0,"28":0,"29":12,"30":0,"31":0,"32":0,"33":12,"34":0,"35":0,"36":0,"37":0,"38":0,"39":0,"40":0,"41":12,"42":0,"43":0,"44":0,"45":12,"46":0,"47":0,"48":0,"49":0,"50":0,"51":0,"52":0,"53":0,"54":0,"55":0,"56":12,"57":0,"58":0,"59":0,"60":0,"61":0,"62":0,"63":12,"64":0,"65":0,"66":0,"67":0,"68":0,"69":0,"70":0,"71":12,"72":0,"73":0,"74":0,"75":0,"76":0,"77":0,"78":0,"79":12},"f":{"0":0,"1":0,"2":0,"3":12,"4":11,"5":0,"6":0,"7":0,"8":0,"9":0,"10":0,"11":0,"12":0,"13":0},"b":{"0":[0,0],"1":[0,0],"2":[0,0],"3":[0,11],"4":[0,0],"5":[0,0],"6":[0,0],"7":[0,0],"8":[0,0],"9":[0,0],"10":[0,0],"11":[0,0],"12":[0,0],"13":[0,0],"14":[0,0],"15":[0,0],"16":[0,0],"17":[0,0],"18":[0,0]},"meta":{"lastBranch":19,"lastFunction":14,"lastStatement":80,"seen":{"s:59:13:59:Infinity":0,"s:62:28:86:Infinity":1,"f:62:28:62:29":0,"s:63:2:85:Infinity":2,"f:68:34:68:40":1,"s:68:40:73:6":3,"b:71:10:71:Infinity:72:10:72:Infinity":0,"b:70:14:70:43:70:43:70:Infinity":1,"f:75:48:75:54":2,"s:75:54:80:6":4,"b:78:10:78:Infinity:79:10:79:Infinity":2,"s:88:28:251:Infinity":5,"f:88:28:88:29":3,"s:89:22:89:Infinity":6,"s:90:44:90:Infinity":7,"s:102:2:102:Infinity":8,"s:104:2:123:Infinity":9,"f:104:12:104:18":4,"s:106:22:106:Infinity":10,"b:107:4:122:Infinity:undefined:undefined:undefined:undefined":3,"s:107:4:122:Infinity":11,"s:108:6:121:Infinity":12,"s:109:25:109:Infinity":13,"s:111:26:111:Infinity":14,"b:112:8:118:Infinity:115:15:118:Infinity":4,"s:112:8:118:Infinity":15,"b:112:12:112:25:112:25:112:45":5,"s:113:10:113:Infinity":16,"s:114:10:114:Infinity":17,"s:117:10:117:Infinity":18,"s:120:8:120:Infinity":19,"s:125:16:137:Infinity":20,"f:125:16:125:23":5,"s:126:30:126:Infinity":21,"b:128:4:134:Infinity:undefined:undefined:undefined:undefined":6,"s:128:4:134:Infinity":22,"s:129:25:129:Infinity":23,"s:130:6:130:Infinity":24,"s:131:6:131:Infinity":25,"s:132:6:132:Infinity":26,"s:133:6:133:Infinity":27,"s:136:4:136:Infinity":28,"s:139:17:143:Infinity":29,"f:139:17:139:23":6,"s:140:4:140:Infinity":30,"s:141:4:141:Infinity":31,"s:142:4:142:Infinity":32,"s:145:19:157:Infinity":33,"f:145:19:145:26":7,"s:146:19:146:Infinity":34,"b:148:4:154:Infinity:undefined:undefined:undefined:undefined":7,"s:148:4:154:Infinity":35,"b:148:8:148:26:148:26:148:39":8,"s:150:25:150:Infinity":36,"s:151:6:151:Infinity":37,"s:152:6:152:Infinity":38,"s:153:6:153:Infinity":39,"s:156:4:156:Infinity":40,"s:159:25:165:Infinity":41,"f:159:25:159:32":8,"b:160:4:162:Infinity:undefined:undefined:undefined:undefined":9,"s:160:4:162:Infinity":42,"s:161:6:161:Infinity":43,"s:164:4:164:Infinity":44,"s:167:24:183:Infinity":45,"f:167:24:167:31":9,"b:168:4:168:Infinity:undefined:undefined:undefined:undefined":10,"s:168:4:168:Infinity":46,"s:168:15:168:Infinity":47,"s:170:20:170:Infinity":48,"b:172:4:180:Infinity:undefined:undefined:undefined:undefined":11,"s:172:4:180:Infinity":49,"s:174:31:174:Infinity":50,"b:175:6:179:Infinity:undefined:undefined:undefined:undefined":12,"s:175:6:179:Infinity":51,"s:176:27:176:Infinity":52,"s:177:8:177:Infinity":53,"s:178:8:178:Infinity":54,"s:182:4:182:Infinity":55,"s:185:25:197:Infinity":56,"f:185:25:185:26":10,"b:186:4:196:Infinity:undefined:undefined:undefined:undefined":13,"s:186:4:196:Infinity":57,"s:187:22:187:Infinity":58,"b:188:6:195:Infinity:undefined:undefined:undefined:undefined":14,"s:188:6:195:Infinity":59,"s:189:28:192:Infinity":60,"s:193:8:193:Infinity":61,"s:194:8:194:Infinity":62,"s:199:30:211:Infinity":63,"f:199:30:199:31":11,"b:200:4:210:Infinity:undefined:undefined:undefined:undefined":15,"s:200:4:210:Infinity":64,"s:201:22:201:Infinity":65,"b:202:6:209:Infinity:undefined:undefined:undefined:undefined":16,"s:202:6:209:Infinity":66,"s:203:28:206:Infinity":67,"f:205:43:205:49":12,"s:205:49:205:65":68,"s:207:8:207:Infinity":69,"s:208:8:208:Infinity":70,"s:213:26:233:Infinity":71,"f:213:26:213:27":13,"b:214:4:232:Infinity:undefined:undefined:undefined:undefined":17,"s:214:4:232:Infinity":72,"s:215:22:215:Infinity":73,"b:216:6:231:Infinity:undefined:undefined:undefined:undefined":18,"s:216:6:231:Infinity":74,"s:217:47:223:Infinity":75,"s:225:28:228:Infinity":76,"s:229:8:229:Infinity":77,"s:230:8:230:Infinity":78,"s:235:2:249:Infinity":79}}}
,"/Users/samiullah/kobys-threads/src/contexts/useAuthHook.ts": {"path":"/Users/samiullah/kobys-threads/src/contexts/useAuthHook.ts","statementMap":{"0":{"start":{"line":4,"column":23},"end":{"line":10,"column":null}},"1":{"start":{"line":5,"column":8},"end":{"line":5,"column":null}},"2":{"start":{"line":6,"column":2},"end":{"line":8,"column":null}},"3":{"start":{"line":7,"column":4},"end":{"line":7,"column":null}},"4":{"start":{"line":9,"column":2},"end":{"line":9,"column":null}}},"fnMap":{"0":{"name":"(anonymous_0)","decl":{"start":{"line":4,"column":23},"end":{"line":4,"column":46}},"loc":{"start":{"line":4,"column":46},"end":{"line":10,"column":null}},"line":4}},"branchMap":{"0":{"loc":{"start":{"line":6,"column":2},"end":{"line":8,"column":null}},"type":"if","locations":[{"start":{"line":6,"column":2},"end":{"line":8,"column":null}},{"start":{},"end":{}}],"line":6}},"s":{"0":1,"1":12,"2":12,"3":0,"4":12},"f":{"0":12},"b":{"0":[0,12]},"meta":{"lastBranch":1,"lastFunction":1,"lastStatement":5,"seen":{"s:4:23:10:Infinity":0,"f:4:23:4:46":0,"s:5:8:5:Infinity":1,"b:6:2:8:Infinity:undefined:undefined:undefined:undefined":0,"s:6:2:8:Infinity":2,"s:7:4:7:Infinity":3,"s:9:2:9:Infinity":4}}}
,"/Users/samiullah/kobys-threads/src/stores/useStore.ts": {"path":"/Users/samiullah/kobys-threads/src/stores/useStore.ts","statementMap":{"0":{"start":{"line":134,"column":6},"end":{"line":518,"column":null}},"1":{"start":{"line":136,"column":19},"end":{"line":489,"column":null}},"2":{"start":{"line":164,"column":29},"end":{"line":164,"column":null}},"3":{"start":{"line":166,"column":40},"end":{"line":166,"column":null}},"4":{"start":{"line":168,"column":33},"end":{"line":179,"column":null}},"5":{"start":{"line":182,"column":54},"end":{"line":182,"column":null}},"6":{"start":{"line":183,"column":32},"end":{"line":183,"column":null}},"7":{"start":{"line":184,"column":8},"end":{"line":184,"column":null}},"8":{"start":{"line":186,"column":30},"end":{"line":188,"column":null}},"9":{"start":{"line":187,"column":10},"end":{"line":187,"column":null}},"10":{"start":{"line":190,"column":8},"end":{"line":198,"column":null}},"11":{"start":{"line":202,"column":42},"end":{"line":202,"column":null}},"12":{"start":{"line":203,"column":33},"end":{"line":203,"column":null}},"13":{"start":{"line":205,"column":8},"end":{"line":209,"column":null}},"14":{"start":{"line":206,"column":10},"end":{"line":206,"column":null}},"15":{"start":{"line":208,"column":10},"end":{"line":208,"column":null}},"16":{"start":{"line":211,"column":30},"end":{"line":216,"column":null}},"17":{"start":{"line":212,"column":10},"end":{"line":215,"column":null}},"18":{"start":{"line":218,"column":8},"end":{"line":221,"column":null}},"19":{"start":{"line":225,"column":30},"end":{"line":225,"column":null}},"20":{"start":{"line":226,"column":29},"end":{"line":226,"column":null}},"21":{"start":{"line":226,"column":52},"end":{"line":226,"column":98}},"22":{"start":{"line":228,"column":8},"end":{"line":240,"column":null}},"23":{"start":{"line":229,"column":10},"end":{"line":235,"column":null}},"24":{"start":{"line":231,"column":14},"end":{"line":233,"column":null}},"25":{"start":{"line":237,"column":10},"end":{"line":239,"column":null}},"26":{"start":{"line":244,"column":30},"end":{"line":244,"column":null}},"27":{"start":{"line":245,"column":8},"end":{"line":247,"column":null}},"28":{"start":{"line":246,"column":46},"end":{"line":246,"column":95}},"29":{"start":{"line":251,"column":30},"end":{"line":251,"column":null}},"30":{"start":{"line":252,"column":8},"end":{"line":262,"column":null}},"31":{"start":{"line":253,"column":10},"end":{"line":253,"column":null}},"32":{"start":{"line":255,"column":10},"end":{"line":261,"column":null}},"33":{"start":{"line":257,"column":14},"end":{"line":259,"column":null}},"34":{"start":{"line":265,"column":23},"end":{"line":265,"column":null}},"35":{"start":{"line":268,"column":38},"end":{"line":268,"column":null}},"36":{"start":{"line":269,"column":8},"end":{"line":272,"column":null}},"37":{"start":{"line":270,"column":24},"end":{"line":270,"column":null}},"38":{"start":{"line":270,"column":41},"end":{"line":270,"column":62}},"39":{"start":{"line":271,"column":10},"end":{"line":271,"column":null}},"40":{"start":{"line":277,"column":38},"end":{"line":277,"column":null}},"41":{"start":{"line":278,"column":36},"end":{"line":280,"column":null}},"42":{"start":{"line":279,"column":15},"end":{"line":279,"column":null}},"43":{"start":{"line":282,"column":8},"end":{"line":291,"column":null}},"44":{"start":{"line":283,"column":10},"end":{"line":290,"column":null}},"45":{"start":{"line":295,"column":38},"end":{"line":295,"column":null}},"46":{"start":{"line":296,"column":8},"end":{"line":300,"column":null}},"47":{"start":{"line":298,"column":17},"end":{"line":298,"column":null}},"48":{"start":{"line":304,"column":38},"end":{"line":304,"column":null}},"49":{"start":{"line":305,"column":8},"end":{"line":307,"column":null}},"50":{"start":{"line":306,"column":59},"end":{"line":306,"column":86}},"51":{"start":{"line":311,"column":38},"end":{"line":311,"column":null}},"52":{"start":{"line":312,"column":8},"end":{"line":314,"column":null}},"53":{"start":{"line":313,"column":10},"end":{"line":313,"column":null}},"54":{"start":{"line":313,"column":47},"end":{"line":313,"column":74}},"55":{"start":{"line":315,"column":8},"end":{"line":315,"column":null}},"56":{"start":{"line":319,"column":24},"end":{"line":319,"column":null}},"57":{"start":{"line":320,"column":8},"end":{"line":320,"column":null}},"58":{"start":{"line":324,"column":52},"end":{"line":324,"column":null}},"59":{"start":{"line":326,"column":8},"end":{"line":347,"column":null}},"60":{"start":{"line":327,"column":23},"end":{"line":327,"column":61}},"61":{"start":{"line":329,"column":25},"end":{"line":329,"column":null}},"62":{"start":{"line":330,"column":25},"end":{"line":330,"column":null}},"63":{"start":{"line":332,"column":12},"end":{"line":335,"column":null}},"64":{"start":{"line":333,"column":14},"end":{"line":333,"column":null}},"65":{"start":{"line":333,"column":79},"end":{"line":333,"column":null}},"66":{"start":{"line":334,"column":14},"end":{"line":334,"column":null}},"67":{"start":{"line":334,"column":79},"end":{"line":334,"column":null}},"68":{"start":{"line":337,"column":12},"end":{"line":340,"column":null}},"69":{"start":{"line":338,"column":14},"end":{"line":338,"column":null}},"70":{"start":{"line":338,"column":91},"end":{"line":338,"column":null}},"71":{"start":{"line":339,"column":14},"end":{"line":339,"column":null}},"72":{"start":{"line":339,"column":91},"end":{"line":339,"column":null}},"73":{"start":{"line":342,"column":12},"end":{"line":342,"column":null}},"74":{"start":{"line":343,"column":12},"end":{"line":343,"column":null}},"75":{"start":{"line":345,"column":12},"end":{"line":345,"column":null}},"76":{"start":{"line":351,"column":40},"end":{"line":351,"column":null}},"77":{"start":{"line":353,"column":50},"end":{"line":353,"column":null}},"78":{"start":{"line":354,"column":8},"end":{"line":356,"column":null}},"79":{"start":{"line":355,"column":10},"end":{"line":355,"column":null}},"80":{"start":{"line":358,"column":29},"end":{"line":361,"column":null}},"81":{"start":{"line":359,"column":32},"end":{"line":359,"column":37}},"82":{"start":{"line":361,"column":27},"end":{"line":361,"column":31}},"83":{"start":{"line":363,"column":8},"end":{"line":368,"column":null}},"84":{"start":{"line":365,"column":58},"end":{"line":365,"column":74}},"85":{"start":{"line":372,"column":35},"end":{"line":372,"column":null}},"86":{"start":{"line":373,"column":25},"end":{"line":373,"column":null}},"87":{"start":{"line":373,"column":53},"end":{"line":373,"column":67}},"88":{"start":{"line":374,"column":24},"end":{"line":374,"column":null}},"89":{"start":{"line":375,"column":8},"end":{"line":375,"column":null}},"90":{"start":{"line":379,"column":8},"end":{"line":379,"column":null}},"91":{"start":{"line":379,"column":49},"end":{"line":379,"column":null}},"92":{"start":{"line":380,"column":34},"end":{"line":380,"column":null}},"93":{"start":{"line":381,"column":25},"end":{"line":381,"column":null}},"94":{"start":{"line":381,"column":51},"end":{"line":381,"column":90}},"95":{"start":{"line":382,"column":24},"end":{"line":382,"column":null}},"96":{"start":{"line":383,"column":8},"end":{"line":383,"column":null}},"97":{"start":{"line":386,"column":32},"end":{"line":386,"column":null}},"98":{"start":{"line":389,"column":30},"end":{"line":389,"column":null}},"99":{"start":{"line":390,"column":24},"end":{"line":392,"column":null}},"100":{"start":{"line":391,"column":35},"end":{"line":391,"column":49}},"101":{"start":{"line":393,"column":8},"end":{"line":393,"column":null}},"102":{"start":{"line":397,"column":8},"end":{"line":397,"column":null}},"103":{"start":{"line":401,"column":33},"end":{"line":401,"column":null}},"104":{"start":{"line":403,"column":32},"end":{"line":403,"column":null}},"105":{"start":{"line":405,"column":35},"end":{"line":405,"column":null}},"106":{"start":{"line":407,"column":45},"end":{"line":407,"column":null}},"107":{"start":{"line":409,"column":35},"end":{"line":409,"column":null}},"108":{"start":{"line":411,"column":27},"end":{"line":411,"column":null}},"109":{"start":{"line":413,"column":26},"end":{"line":420,"column":null}},"110":{"start":{"line":431,"column":12},"end":{"line":431,"column":null}},"111":{"start":{"line":433,"column":23},"end":{"line":433,"column":null}},"112":{"start":{"line":436,"column":8},"end":{"line":444,"column":null}},"113":{"start":{"line":437,"column":24},"end":{"line":437,"column":null}},"114":{"start":{"line":438,"column":10},"end":{"line":443,"column":null}},"115":{"start":{"line":439,"column":12},"end":{"line":442,"column":null}},"116":{"start":{"line":447,"column":8},"end":{"line":449,"column":null}},"117":{"start":{"line":448,"column":10},"end":{"line":448,"column":null}},"118":{"start":{"line":452,"column":8},"end":{"line":456,"column":null}},"119":{"start":{"line":453,"column":10},"end":{"line":455,"column":null}},"120":{"start":{"line":454,"column":12},"end":{"line":454,"column":null}},"121":{"start":{"line":459,"column":8},"end":{"line":463,"column":null}},"122":{"start":{"line":460,"column":10},"end":{"line":462,"column":null}},"123":{"start":{"line":461,"column":12},"end":{"line":461,"column":null}},"124":{"start":{"line":466,"column":8},"end":{"line":470,"column":null}},"125":{"start":{"line":473,"column":8},"end":{"line":485,"column":null}},"126":{"start":{"line":474,"column":10},"end":{"line":484,"column":null}},"127":{"start":{"line":476,"column":14},"end":{"line":476,"column":null}},"128":{"start":{"line":478,"column":14},"end":{"line":478,"column":null}},"129":{"start":{"line":480,"column":14},"end":{"line":480,"column":null}},"130":{"start":{"line":483,"column":14},"end":{"line":483,"column":null}},"131":{"start":{"line":487,"column":8},"end":{"line":487,"column":null}},"132":{"start":{"line":492,"column":30},"end":{"line":507,"column":null}},"133":{"start":{"line":509,"column":8},"end":{"line":514,"column":null}}},"fnMap":{"0":{"name":"(anonymous_0)","decl":{"start":{"line":136,"column":4},"end":{"line":136,"column":5}},"loc":{"start":{"line":136,"column":19},"end":{"line":489,"column":null}},"line":136},"1":{"name":"(anonymous_1)","decl":{"start":{"line":164,"column":17},"end":{"line":164,"column":18}},"loc":{"start":{"line":164,"column":29},"end":{"line":164,"column":null}},"line":164},"2":{"name":"(anonymous_2)","decl":{"start":{"line":166,"column":26},"end":{"line":166,"column":27}},"loc":{"start":{"line":166,"column":40},"end":{"line":166,"column":null}},"line":166},"3":{"name":"(anonymous_3)","decl":{"start":{"line":168,"column":20},"end":{"line":168,"column":21}},"loc":{"start":{"line":168,"column":33},"end":{"line":179,"column":null}},"line":168},"4":{"name":"(anonymous_4)","decl":{"start":{"line":181,"column":17},"end":{"line":181,"column":18}},"loc":{"start":{"line":181,"column":30},"end":{"line":199,"column":null}},"line":181},"5":{"name":"(anonymous_5)","decl":{"start":{"line":186,"column":41},"end":{"line":186,"column":null}},"loc":{"start":{"line":187,"column":10},"end":{"line":187,"column":null}},"line":187},"6":{"name":"(anonymous_6)","decl":{"start":{"line":201,"column":18},"end":{"line":201,"column":19}},"loc":{"start":{"line":201,"column":31},"end":{"line":222,"column":null}},"line":201},"7":{"name":"(anonymous_7)","decl":{"start":{"line":211,"column":41},"end":{"line":211,"column":null}},"loc":{"start":{"line":212,"column":10},"end":{"line":215,"column":null}},"line":212},"8":{"name":"(anonymous_8)","decl":{"start":{"line":224,"column":17},"end":{"line":224,"column":18}},"loc":{"start":{"line":224,"column":36},"end":{"line":241,"column":null}},"line":224},"9":{"name":"(anonymous_9)","decl":{"start":{"line":226,"column":44},"end":{"line":226,"column":52}},"loc":{"start":{"line":226,"column":52},"end":{"line":226,"column":98}},"line":226},"10":{"name":"(anonymous_10)","decl":{"start":{"line":230,"column":37},"end":{"line":230,"column":null}},"loc":{"start":{"line":231,"column":14},"end":{"line":233,"column":null}},"line":231},"11":{"name":"(anonymous_11)","decl":{"start":{"line":243,"column":22},"end":{"line":243,"column":23}},"loc":{"start":{"line":243,"column":41},"end":{"line":248,"column":null}},"line":243},"12":{"name":"(anonymous_12)","decl":{"start":{"line":246,"column":38},"end":{"line":246,"column":46}},"loc":{"start":{"line":246,"column":46},"end":{"line":246,"column":95}},"line":246},"13":{"name":"(anonymous_13)","decl":{"start":{"line":250,"column":22},"end":{"line":250,"column":23}},"loc":{"start":{"line":250,"column":51},"end":{"line":263,"column":null}},"line":250},"14":{"name":"(anonymous_14)","decl":{"start":{"line":256,"column":37},"end":{"line":256,"column":null}},"loc":{"start":{"line":257,"column":14},"end":{"line":259,"column":null}},"line":257},"15":{"name":"(anonymous_15)","decl":{"start":{"line":265,"column":17},"end":{"line":265,"column":23}},"loc":{"start":{"line":265,"column":23},"end":{"line":265,"column":null}},"line":265},"16":{"name":"(anonymous_16)","decl":{"start":{"line":267,"column":20},"end":{"line":267,"column":26}},"loc":{"start":{"line":267,"column":26},"end":{"line":273,"column":null}},"line":267},"17":{"name":"(anonymous_17)","decl":{"start":{"line":269,"column":32},"end":{"line":269,"column":33}},"loc":{"start":{"line":269,"column":49},"end":{"line":272,"column":11}},"line":269},"18":{"name":"(anonymous_18)","decl":{"start":{"line":270,"column":36},"end":{"line":270,"column":41}},"loc":{"start":{"line":270,"column":41},"end":{"line":270,"column":62}},"line":270},"19":{"name":"(anonymous_19)","decl":{"start":{"line":276,"column":27},"end":{"line":276,"column":28}},"loc":{"start":{"line":276,"column":52},"end":{"line":292,"column":null}},"line":276},"20":{"name":"(anonymous_20)","decl":{"start":{"line":279,"column":10},"end":{"line":279,"column":15}},"loc":{"start":{"line":279,"column":15},"end":{"line":279,"column":null}},"line":279},"21":{"name":"(anonymous_21)","decl":{"start":{"line":294,"column":30},"end":{"line":294,"column":31}},"loc":{"start":{"line":294,"column":55},"end":{"line":301,"column":null}},"line":294},"22":{"name":"(anonymous_22)","decl":{"start":{"line":298,"column":12},"end":{"line":298,"column":17}},"loc":{"start":{"line":298,"column":17},"end":{"line":298,"column":null}},"line":298},"23":{"name":"(anonymous_23)","decl":{"start":{"line":303,"column":30},"end":{"line":303,"column":31}},"loc":{"start":{"line":303,"column":46},"end":{"line":308,"column":null}},"line":303},"24":{"name":"(anonymous_24)","decl":{"start":{"line":306,"column":54},"end":{"line":306,"column":59}},"loc":{"start":{"line":306,"column":59},"end":{"line":306,"column":86}},"line":306},"25":{"name":"(anonymous_25)","decl":{"start":{"line":310,"column":28},"end":{"line":310,"column":29}},"loc":{"start":{"line":310,"column":45},"end":{"line":316,"column":null}},"line":310},"26":{"name":"(anonymous_26)","decl":{"start":{"line":313,"column":42},"end":{"line":313,"column":47}},"loc":{"start":{"line":313,"column":47},"end":{"line":313,"column":74}},"line":313},"27":{"name":"(anonymous_27)","decl":{"start":{"line":318,"column":23},"end":{"line":318,"column":24}},"loc":{"start":{"line":318,"column":34},"end":{"line":321,"column":null}},"line":318},"28":{"name":"(anonymous_28)","decl":{"start":{"line":323,"column":26},"end":{"line":323,"column":32}},"loc":{"start":{"line":323,"column":32},"end":{"line":348,"column":null}},"line":323},"29":{"name":"(anonymous_29)","decl":{"start":{"line":327,"column":18},"end":{"line":327,"column":23}},"loc":{"start":{"line":327,"column":23},"end":{"line":327,"column":61}},"line":327},"30":{"name":"(anonymous_30)","decl":{"start":{"line":328,"column":16},"end":{"line":328,"column":17}},"loc":{"start":{"line":328,"column":26},"end":{"line":346,"column":11}},"line":328},"31":{"name":"(anonymous_31)","decl":{"start":{"line":350,"column":19},"end":{"line":350,"column":25}},"loc":{"start":{"line":350,"column":25},"end":{"line":369,"column":null}},"line":350},"32":{"name":"(anonymous_32)","decl":{"start":{"line":354,"column":23},"end":{"line":354,"column":28}},"loc":{"start":{"line":354,"column":28},"end":{"line":356,"column":9}},"line":354},"33":{"name":"(anonymous_33)","decl":{"start":{"line":359,"column":16},"end":{"line":359,"column":17}},"loc":{"start":{"line":359,"column":32},"end":{"line":359,"column":37}},"line":359},"34":{"name":"(anonymous_34)","decl":{"start":{"line":361,"column":15},"end":{"line":361,"column":16}},"loc":{"start":{"line":361,"column":27},"end":{"line":361,"column":31}},"line":361},"35":{"name":"(anonymous_35)","decl":{"start":{"line":365,"column":46},"end":{"line":365,"column":47}},"loc":{"start":{"line":365,"column":58},"end":{"line":365,"column":74}},"line":365},"36":{"name":"(anonymous_36)","decl":{"start":{"line":371,"column":27},"end":{"line":371,"column":28}},"loc":{"start":{"line":371,"column":40},"end":{"line":376,"column":null}},"line":371},"37":{"name":"(anonymous_37)","decl":{"start":{"line":373,"column":47},"end":{"line":373,"column":53}},"loc":{"start":{"line":373,"column":53},"end":{"line":373,"column":67}},"line":373},"38":{"name":"(anonymous_38)","decl":{"start":{"line":378,"column":26},"end":{"line":378,"column":27}},"loc":{"start":{"line":378,"column":37},"end":{"line":384,"column":null}},"line":378},"39":{"name":"(anonymous_39)","decl":{"start":{"line":381,"column":46},"end":{"line":381,"column":51}},"loc":{"start":{"line":381,"column":51},"end":{"line":381,"column":90}},"line":381},"40":{"name":"(anonymous_40)","decl":{"start":{"line":386,"column":26},"end":{"line":386,"column":32}},"loc":{"start":{"line":386,"column":32},"end":{"line":386,"column":null}},"line":386},"41":{"name":"(anonymous_41)","decl":{"start":{"line":388,"column":22},"end":{"line":388,"column":23}},"loc":{"start":{"line":388,"column":35},"end":{"line":394,"column":null}},"line":388},"42":{"name":"(anonymous_42)","decl":{"start":{"line":391,"column":29},"end":{"line":391,"column":35}},"loc":{"start":{"line":391,"column":35},"end":{"line":391,"column":49}},"line":391},"43":{"name":"(anonymous_43)","decl":{"start":{"line":396,"column":18},"end":{"line":396,"column":19}},"loc":{"start":{"line":396,"column":31},"end":{"line":398,"column":null}},"line":396},"44":{"name":"(anonymous_44)","decl":{"start":{"line":401,"column":22},"end":{"line":401,"column":23}},"loc":{"start":{"line":401,"column":33},"end":{"line":401,"column":null}},"line":401},"45":{"name":"(anonymous_45)","decl":{"start":{"line":403,"column":21},"end":{"line":403,"column":22}},"loc":{"start":{"line":403,"column":32},"end":{"line":403,"column":null}},"line":403},"46":{"name":"(anonymous_46)","decl":{"start":{"line":405,"column":24},"end":{"line":405,"column":25}},"loc":{"start":{"line":405,"column":35},"end":{"line":405,"column":null}},"line":405},"47":{"name":"(anonymous_47)","decl":{"start":{"line":407,"column":29},"end":{"line":407,"column":30}},"loc":{"start":{"line":407,"column":45},"end":{"line":407,"column":null}},"line":407},"48":{"name":"(anonymous_48)","decl":{"start":{"line":409,"column":24},"end":{"line":409,"column":25}},"loc":{"start":{"line":409,"column":35},"end":{"line":409,"column":null}},"line":409},"49":{"name":"(anonymous_49)","decl":{"start":{"line":411,"column":17},"end":{"line":411,"column":18}},"loc":{"start":{"line":411,"column":27},"end":{"line":411,"column":null}},"line":411},"50":{"name":"(anonymous_50)","decl":{"start":{"line":413,"column":20},"end":{"line":413,"column":26}},"loc":{"start":{"line":413,"column":26},"end":{"line":420,"column":null}},"line":413},"51":{"name":"(anonymous_51)","decl":{"start":{"line":422,"column":25},"end":{"line":422,"column":31}},"loc":{"start":{"line":422,"column":31},"end":{"line":488,"column":null}},"line":422},"52":{"name":"(anonymous_52)","decl":{"start":{"line":438,"column":37},"end":{"line":438,"column":null}},"loc":{"start":{"line":439,"column":12},"end":{"line":442,"column":null}},"line":439},"53":{"name":"(anonymous_53)","decl":{"start":{"line":447,"column":35},"end":{"line":447,"column":null}},"loc":{"start":{"line":448,"column":10},"end":{"line":448,"column":null}},"line":448},"54":{"name":"(anonymous_54)","decl":{"start":{"line":453,"column":37},"end":{"line":453,"column":null}},"loc":{"start":{"line":454,"column":12},"end":{"line":454,"column":null}},"line":454},"55":{"name":"(anonymous_55)","decl":{"start":{"line":460,"column":37},"end":{"line":460,"column":null}},"loc":{"start":{"line":461,"column":12},"end":{"line":461,"column":null}},"line":461},"56":{"name":"(anonymous_56)","decl":{"start":{"line":473,"column":22},"end":{"line":473,"column":23}},"loc":{"start":{"line":473,"column":32},"end":{"line":485,"column":9}},"line":473},"57":{"name":"(anonymous_57)","decl":{"start":{"line":492,"column":18},"end":{"line":492,"column":19}},"loc":{"start":{"line":492,"column":30},"end":{"line":507,"column":null}},"line":492},"58":{"name":"(anonymous_58)","decl":{"start":{"line":508,"column":13},"end":{"line":508,"column":14}},"loc":{"start":{"line":508,"column":59},"end":{"line":515,"column":null}},"line":508}},"branchMap":{"0":{"loc":{"start":{"line":187,"column":10},"end":{"line":187,"column":null}},"type":"cond-expr","locations":[{"start":{"line":187,"column":29},"end":{"line":187,"column":60}},{"start":{"line":187,"column":60},"end":{"line":187,"column":null}}],"line":187},"1":{"loc":{"start":{"line":193,"column":23},"end":{"line":197,"column":null}},"type":"cond-expr","locations":[{"start":{"line":193,"column":37},"end":{"line":197,"column":14}},{"start":{"line":197,"column":14},"end":{"line":197,"column":null}}],"line":193},"2":{"loc":{"start":{"line":205,"column":8},"end":{"line":209,"column":null}},"type":"if","locations":[{"start":{"line":205,"column":8},"end":{"line":209,"column":null}},{"start":{"line":207,"column":15},"end":{"line":209,"column":null}}],"line":205},"3":{"loc":{"start":{"line":212,"column":10},"end":{"line":215,"column":null}},"type":"cond-expr","locations":[{"start":{"line":212,"column":29},"end":{"line":215,"column":14}},{"start":{"line":215,"column":14},"end":{"line":215,"column":null}}],"line":212},"4":{"loc":{"start":{"line":214,"column":20},"end":{"line":214,"column":null}},"type":"cond-expr","locations":[{"start":{"line":214,"column":52},"end":{"line":214,"column":67}},{"start":{"line":214,"column":67},"end":{"line":214,"column":null}}],"line":214},"5":{"loc":{"start":{"line":226,"column":52},"end":{"line":226,"column":98}},"type":"binary-expr","locations":[{"start":{"line":226,"column":52},"end":{"line":226,"column":80}},{"start":{"line":226,"column":80},"end":{"line":226,"column":98}}],"line":226},"6":{"loc":{"start":{"line":228,"column":8},"end":{"line":240,"column":null}},"type":"if","locations":[{"start":{"line":228,"column":8},"end":{"line":240,"column":null}},{"start":{"line":236,"column":15},"end":{"line":240,"column":null}}],"line":228},"7":{"loc":{"start":{"line":231,"column":14},"end":{"line":233,"column":null}},"type":"cond-expr","locations":[{"start":{"line":232,"column":18},"end":{"line":232,"column":null}},{"start":{"line":233,"column":18},"end":{"line":233,"column":null}}],"line":231},"8":{"loc":{"start":{"line":231,"column":14},"end":{"line":231,"column":null}},"type":"binary-expr","locations":[{"start":{"line":231,"column":14},"end":{"line":231,"column":42}},{"start":{"line":231,"column":42},"end":{"line":231,"column":null}}],"line":231},"9":{"loc":{"start":{"line":246,"column":48},"end":{"line":246,"column":95}},"type":"binary-expr","locations":[{"start":{"line":246,"column":48},"end":{"line":246,"column":76}},{"start":{"line":246,"column":76},"end":{"line":246,"column":95}}],"line":246},"10":{"loc":{"start":{"line":252,"column":8},"end":{"line":262,"column":null}},"type":"if","locations":[{"start":{"line":252,"column":8},"end":{"line":262,"column":null}},{"start":{"line":254,"column":15},"end":{"line":262,"column":null}}],"line":252},"11":{"loc":{"start":{"line":257,"column":14},"end":{"line":259,"column":null}},"type":"cond-expr","locations":[{"start":{"line":258,"column":18},"end":{"line":258,"column":null}},{"start":{"line":259,"column":18},"end":{"line":259,"column":null}}],"line":257},"12":{"loc":{"start":{"line":257,"column":14},"end":{"line":257,"column":null}},"type":"binary-expr","locations":[{"start":{"line":257,"column":14},"end":{"line":257,"column":42}},{"start":{"line":257,"column":42},"end":{"line":257,"column":null}}],"line":257},"13":{"loc":{"start":{"line":271,"column":26},"end":{"line":271,"column":47}},"type":"binary-expr","locations":[{"start":{"line":271,"column":26},"end":{"line":271,"column":42}},{"start":{"line":271,"column":42},"end":{"line":271,"column":47}}],"line":271},"14":{"loc":{"start":{"line":279,"column":15},"end":{"line":279,"column":null}},"type":"binary-expr","locations":[{"start":{"line":279,"column":15},"end":{"line":279,"column":40}},{"start":{"line":279,"column":40},"end":{"line":279,"column":null}}],"line":279},"15":{"loc":{"start":{"line":282,"column":8},"end":{"line":291,"column":null}},"type":"if","locations":[{"start":{"line":282,"column":8},"end":{"line":291,"column":null}},{"start":{},"end":{}}],"line":282},"16":{"loc":{"start":{"line":298,"column":19},"end":{"line":298,"column":null}},"type":"binary-expr","locations":[{"start":{"line":298,"column":19},"end":{"line":298,"column":44}},{"start":{"line":298,"column":44},"end":{"line":298,"column":null}}],"line":298},"17":{"loc":{"start":{"line":312,"column":8},"end":{"line":314,"column":null}},"type":"if","locations":[{"start":{"line":312,"column":8},"end":{"line":314,"column":null}},{"start":{},"end":{}}],"line":312},"18":{"loc":{"start":{"line":327,"column":23},"end":{"line":327,"column":61}},"type":"binary-expr","locations":[{"start":{"line":327,"column":23},"end":{"line":327,"column":38}},{"start":{"line":327,"column":38},"end":{"line":327,"column":61}}],"line":327},"19":{"loc":{"start":{"line":332,"column":12},"end":{"line":335,"column":null}},"type":"if","locations":[{"start":{"line":332,"column":12},"end":{"line":335,"column":null}},{"start":{},"end":{}}],"line":332},"20":{"loc":{"start":{"line":333,"column":14},"end":{"line":333,"column":null}},"type":"if","locations":[{"start":{"line":333,"column":14},"end":{"line":333,"column":null}},{"start":{},"end":{}}],"line":333},"21":{"loc":{"start":{"line":334,"column":14},"end":{"line":334,"column":null}},"type":"if","locations":[{"start":{"line":334,"column":14},"end":{"line":334,"column":null}},{"start":{},"end":{}}],"line":334},"22":{"loc":{"start":{"line":337,"column":12},"end":{"line":340,"column":null}},"type":"if","locations":[{"start":{"line":337,"column":12},"end":{"line":340,"column":null}},{"start":{},"end":{}}],"line":337},"23":{"loc":{"start":{"line":338,"column":14},"end":{"line":338,"column":null}},"type":"if","locations":[{"start":{"line":338,"column":14},"end":{"line":338,"column":null}},{"start":{},"end":{}}],"line":338},"24":{"loc":{"start":{"line":339,"column":14},"end":{"line":339,"column":null}},"type":"if","locations":[{"start":{"line":339,"column":14},"end":{"line":339,"column":null}},{"start":{},"end":{}}],"line":339},"25":{"loc":{"start":{"line":355,"column":31},"end":{"line":355,"column":57}},"type":"binary-expr","locations":[{"start":{"line":355,"column":31},"end":{"line":355,"column":52}},{"start":{"line":355,"column":52},"end":{"line":355,"column":57}}],"line":355},"26":{"loc":{"start":{"line":366,"column":28},"end":{"line":366,"column":null}},"type":"binary-expr","locations":[{"start":{"line":366,"column":28},"end":{"line":366,"column":54}},{"start":{"line":366,"column":54},"end":{"line":366,"column":null}}],"line":366},"27":{"loc":{"start":{"line":379,"column":8},"end":{"line":379,"column":null}},"type":"if","locations":[{"start":{"line":379,"column":8},"end":{"line":379,"column":null}},{"start":{},"end":{}}],"line":379},"28":{"loc":{"start":{"line":379,"column":12},"end":{"line":379,"column":49}},"type":"binary-expr","locations":[{"start":{"line":379,"column":12},"end":{"line":379,"column":22}},{"start":{"line":379,"column":22},"end":{"line":379,"column":49}}],"line":379},"29":{"loc":{"start":{"line":390,"column":24},"end":{"line":392,"column":null}},"type":"cond-expr","locations":[{"start":{"line":391,"column":12},"end":{"line":391,"column":null}},{"start":{"line":392,"column":12},"end":{"line":392,"column":null}}],"line":390},"30":{"loc":{"start":{"line":436,"column":8},"end":{"line":444,"column":null}},"type":"if","locations":[{"start":{"line":436,"column":8},"end":{"line":444,"column":null}},{"start":{},"end":{}}],"line":436},"31":{"loc":{"start":{"line":439,"column":12},"end":{"line":442,"column":null}},"type":"binary-expr","locations":[{"start":{"line":439,"column":12},"end":{"line":439,"column":null}},{"start":{"line":440,"column":12},"end":{"line":440,"column":null}},{"start":{"line":441,"column":12},"end":{"line":441,"column":null}},{"start":{"line":442,"column":12},"end":{"line":442,"column":null}}],"line":439},"32":{"loc":{"start":{"line":448,"column":10},"end":{"line":448,"column":null}},"type":"binary-expr","locations":[{"start":{"line":448,"column":10},"end":{"line":448,"column":38}},{"start":{"line":448,"column":38},"end":{"line":448,"column":null}}],"line":448},"33":{"loc":{"start":{"line":452,"column":8},"end":{"line":456,"column":null}},"type":"if","locations":[{"start":{"line":452,"column":8},"end":{"line":456,"column":null}},{"start":{},"end":{}}],"line":452},"34":{"loc":{"start":{"line":459,"column":8},"end":{"line":463,"column":null}},"type":"if","locations":[{"start":{"line":459,"column":8},"end":{"line":463,"column":null}},{"start":{},"end":{}}],"line":459},"35":{"loc":{"start":{"line":461,"column":12},"end":{"line":461,"column":null}},"type":"binary-expr","locations":[{"start":{"line":461,"column":12},"end":{"line":461,"column":26}},{"start":{"line":461,"column":26},"end":{"line":461,"column":null}}],"line":461},"36":{"loc":{"start":{"line":466,"column":8},"end":{"line":470,"column":null}},"type":"if","locations":[{"start":{"line":466,"column":8},"end":{"line":470,"column":null}},{"start":{},"end":{}}],"line":466},"37":{"loc":{"start":{"line":474,"column":10},"end":{"line":484,"column":null}},"type":"switch","locations":[{"start":{"line":475,"column":12},"end":{"line":476,"column":null}},{"start":{"line":477,"column":12},"end":{"line":478,"column":null}},{"start":{"line":479,"column":12},"end":{"line":480,"column":null}},{"start":{"line":481,"column":12},"end":{"line":481,"column":null}},{"start":{"line":482,"column":12},"end":{"line":483,"column":null}}],"line":474},"38":{"loc":{"start":{"line":512,"column":33},"end":{"line":512,"column":68}},"type":"binary-expr","locations":[{"start":{"line":512,"column":33},"end":{"line":512,"column":66}},{"start":{"line":512,"column":66},"end":{"line":512,"column":68}}],"line":512},"39":{"loc":{"start":{"line":513,"column":32},"end":{"line":513,"column":66}},"type":"binary-expr","locations":[{"start":{"line":513,"column":32},"end":{"line":513,"column":64}},{"start":{"line":513,"column":64},"end":{"line":513,"column":66}}],"line":513}},"s":{"0":2,"1":2,"2":17,"3":0,"4":0,"5":0,"6":0,"7":0,"8":0,"9":0,"10":0,"11":0,"12":0,"13":0,"14":0,"15":0,"16":0,"17":0,"18":0,"19":30,"20":30,"21":12,"22":30,"23":3,"24":3,"25":27,"26":5,"27":5,"28":7,"29":6,"30":6,"31":2,"32":4,"33":6,"34":30,"35":5,"36":5,"37":6,"38":8,"39":6,"40":0,"41":0,"42":0,"43":0,"44":0,"45":0,"46":0,"47":0,"48":0,"49":0,"50":0,"51":0,"52":0,"53":0,"54":0,"55":0,"56":0,"57":0,"58":0,"59":0,"60":0,"61":0,"62":0,"63":0,"64":0,"65":0,"66":0,"67":0,"68":0,"69":0,"70":0,"71":0,"72":0,"73":0,"74":0,"75":0,"76":0,"77":0,"78":0,"79":0,"80":0,"81":0,"82":0,"83":0,"84":0,"85":0,"86":0,"87":0,"88":0,"89":0,"90":0,"91":0,"92":0,"93":0,"94":0,"95":0,"96":0,"97":0,"98":0,"99":0,"100":0,"101":0,"102":0,"103":0,"104":0,"105":0,"106":0,"107":0,"108":0,"109":0,"110":0,"111":0,"112":0,"113":0,"114":0,"115":0,"116":0,"117":0,"118":0,"119":0,"120":0,"121":0,"122":0,"123":0,"124":0,"125":0,"126":0,"127":0,"128":0,"129":0,"130":0,"131":0,"132":86,"133":2},"f":{"0":2,"1":17,"2":0,"3":0,"4":0,"5":0,"6":0,"7":0,"8":30,"9":12,"10":3,"11":5,"12":7,"13":6,"14":6,"15":30,"16":5,"17":6,"18":8,"19":0,"20":0,"21":0,"22":0,"23":0,"24":0,"25":0,"26":0,"27":0,"28":0,"29":0,"30":0,"31":0,"32":0,"33":0,"34":0,"35":0,"36":0,"37":0,"38":0,"39":0,"40":0,"41":0,"42":0,"43":0,"44":0,"45":0,"46":0,"47":0,"48":0,"49":0,"50":0,"51":0,"52":0,"53":0,"54":0,"55":0,"56":0,"57":86,"58":2},"b":{"0":[0,0],"1":[0,0],"2":[0,0],"3":[0,0],"4":[0,0],"5":[12,5],"6":[3,27],"7":[3,0],"8":[3,3],"9":[7,6],"10":[2,4],"11":[4,2],"12":[6,4],"13":[6,0],"14":[0,0],"15":[0,0],"16":[0,0],"17":[0,0],"18":[0,0],"19":[0,0],"20":[0,0],"21":[0,0],"22":[0,0],"23":[0,0],"24":[0,0],"25":[0,0],"26":[0,0],"27":[0,0],"28":[0,0],"29":[0,0],"30":[0,0],"31":[0,0,0,0],"32":[0,0],"33":[0,0],"34":[0,0],"35":[0,0],"36":[0,0],"37":[0,0,0,0,0],"38":[2,2],"39":[2,2]},"meta":{"lastBranch":40,"lastFunction":59,"lastStatement":134,"seen":{"s:134:6:518:Infinity":0,"f:136:4:136:5":0,"s:136:19:489:Infinity":1,"f:164:17:164:18":1,"s:164:29:164:Infinity":2,"f:166:26:166:27":2,"s:166:40:166:Infinity":3,"f:168:20:168:21":3,"s:168:33:179:Infinity":4,"f:181:17:181:18":4,"s:182:54:182:Infinity":5,"s:183:32:183:Infinity":6,"s:184:8:184:Infinity":7,"s:186:30:188:Infinity":8,"f:186:41:186:Infinity":5,"s:187:10:187:Infinity":9,"b:187:29:187:60:187:60:187:Infinity":0,"s:190:8:198:Infinity":10,"b:193:37:197:14:197:14:197:Infinity":1,"f:201:18:201:19":6,"s:202:42:202:Infinity":11,"s:203:33:203:Infinity":12,"b:205:8:209:Infinity:207:15:209:Infinity":2,"s:205:8:209:Infinity":13,"s:206:10:206:Infinity":14,"s:208:10:208:Infinity":15,"s:211:30:216:Infinity":16,"f:211:41:211:Infinity":7,"s:212:10:215:Infinity":17,"b:212:29:215:14:215:14:215:Infinity":3,"b:214:52:214:67:214:67:214:Infinity":4,"s:218:8:221:Infinity":18,"f:224:17:224:18":8,"s:225:30:225:Infinity":19,"s:226:29:226:Infinity":20,"f:226:44:226:52":9,"s:226:52:226:98":21,"b:226:52:226:80:226:80:226:98":5,"b:228:8:240:Infinity:236:15:240:Infinity":6,"s:228:8:240:Infinity":22,"s:229:10:235:Infinity":23,"f:230:37:230:Infinity":10,"s:231:14:233:Infinity":24,"b:232:18:232:Infinity:233:18:233:Infinity":7,"b:231:14:231:42:231:42:231:Infinity":8,"s:237:10:239:Infinity":25,"f:243:22:243:23":11,"s:244:30:244:Infinity":26,"s:245:8:247:Infinity":27,"f:246:38:246:46":12,"s:246:46:246:95":28,"b:246:48:246:76:246:76:246:95":9,"f:250:22:250:23":13,"s:251:30:251:Infinity":29,"b:252:8:262:Infinity:254:15:262:Infinity":10,"s:252:8:262:Infinity":30,"s:253:10:253:Infinity":31,"s:255:10:261:Infinity":32,"f:256:37:256:Infinity":14,"s:257:14:259:Infinity":33,"b:258:18:258:Infinity:259:18:259:Infinity":11,"b:257:14:257:42:257:42:257:Infinity":12,"f:265:17:265:23":15,"s:265:23:265:Infinity":34,"f:267:20:267:26":16,"s:268:38:268:Infinity":35,"s:269:8:272:Infinity":36,"f:269:32:269:33":17,"s:270:24:270:Infinity":37,"f:270:36:270:41":18,"s:270:41:270:62":38,"s:271:10:271:Infinity":39,"b:271:26:271:42:271:42:271:47":13,"f:276:27:276:28":19,"s:277:38:277:Infinity":40,"s:278:36:280:Infinity":41,"f:279:10:279:15":20,"s:279:15:279:Infinity":42,"b:279:15:279:40:279:40:279:Infinity":14,"b:282:8:291:Infinity:undefined:undefined:undefined:undefined":15,"s:282:8:291:Infinity":43,"s:283:10:290:Infinity":44,"f:294:30:294:31":21,"s:295:38:295:Infinity":45,"s:296:8:300:Infinity":46,"f:298:12:298:17":22,"s:298:17:298:Infinity":47,"b:298:19:298:44:298:44:298:Infinity":16,"f:303:30:303:31":23,"s:304:38:304:Infinity":48,"s:305:8:307:Infinity":49,"f:306:54:306:59":24,"s:306:59:306:86":50,"f:310:28:310:29":25,"s:311:38:311:Infinity":51,"b:312:8:314:Infinity:undefined:undefined:undefined:undefined":17,"s:312:8:314:Infinity":52,"s:313:10:313:Infinity":53,"f:313:42:313:47":26,"s:313:47:313:74":54,"s:315:8:315:Infinity":55,"f:318:23:318:24":27,"s:319:24:319:Infinity":56,"s:320:8:320:Infinity":57,"f:323:26:323:32":28,"s:324:52:324:Infinity":58,"s:326:8:347:Infinity":59,"f:327:18:327:23":29,"s:327:23:327:61":60,"b:327:23:327:38:327:38:327:61":18,"f:328:16:328:17":30,"s:329:25:329:Infinity":61,"s:330:25:330:Infinity":62,"b:332:12:335:Infinity:undefined:undefined:undefined:undefined":19,"s:332:12:335:Infinity":63,"b:333:14:333:Infinity:undefined:undefined:undefined:undefined":20,"s:333:14:333:Infinity":64,"s:333:79:333:Infinity":65,"b:334:14:334:Infinity:undefined:undefined:undefined:undefined":21,"s:334:14:334:Infinity":66,"s:334:79:334:Infinity":67,"b:337:12:340:Infinity:undefined:undefined:undefined:undefined":22,"s:337:12:340:Infinity":68,"b:338:14:338:Infinity:undefined:undefined:undefined:undefined":23,"s:338:14:338:Infinity":69,"s:338:91:338:Infinity":70,"b:339:14:339:Infinity:undefined:undefined:undefined:undefined":24,"s:339:14:339:Infinity":71,"s:339:91:339:Infinity":72,"s:342:12:342:Infinity":73,"s:343:12:343:Infinity":74,"s:345:12:345:Infinity":75,"f:350:19:350:25":31,"s:351:40:351:Infinity":76,"s:353:50:353:Infinity":77,"s:354:8:356:Infinity":78,"f:354:23:354:28":32,"s:355:10:355:Infinity":79,"b:355:31:355:52:355:52:355:57":25,"s:358:29:361:Infinity":80,"f:359:16:359:17":33,"s:359:32:359:37":81,"f:361:15:361:16":34,"s:361:27:361:31":82,"s:363:8:368:Infinity":83,"f:365:46:365:47":35,"s:365:58:365:74":84,"b:366:28:366:54:366:54:366:Infinity":26,"f:371:27:371:28":36,"s:372:35:372:Infinity":85,"s:373:25:373:Infinity":86,"f:373:47:373:53":37,"s:373:53:373:67":87,"s:374:24:374:Infinity":88,"s:375:8:375:Infinity":89,"f:378:26:378:27":38,"b:379:8:379:Infinity:undefined:undefined:undefined:undefined":27,"s:379:8:379:Infinity":90,"b:379:12:379:22:379:22:379:49":28,"s:379:49:379:Infinity":91,"s:380:34:380:Infinity":92,"s:381:25:381:Infinity":93,"f:381:46:381:51":39,"s:381:51:381:90":94,"s:382:24:382:Infinity":95,"s:383:8:383:Infinity":96,"f:386:26:386:32":40,"s:386:32:386:Infinity":97,"f:388:22:388:23":41,"s:389:30:389:Infinity":98,"s:390:24:392:Infinity":99,"b:391:12:391:Infinity:392:12:392:Infinity":29,"f:391:29:391:35":42,"s:391:35:391:49":100,"s:393:8:393:Infinity":101,"f:396:18:396:19":43,"s:397:8:397:Infinity":102,"f:401:22:401:23":44,"s:401:33:401:Infinity":103,"f:403:21:403:22":45,"s:403:32:403:Infinity":104,"f:405:24:405:25":46,"s:405:35:405:Infinity":105,"f:407:29:407:30":47,"s:407:45:407:Infinity":106,"f:409:24:409:25":48,"s:409:35:409:Infinity":107,"f:411:17:411:18":49,"s:411:27:411:Infinity":108,"f:413:20:413:26":50,"s:413:26:420:Infinity":109,"f:422:25:422:31":51,"s:431:12:431:Infinity":110,"s:433:23:433:Infinity":111,"b:436:8:444:Infinity:undefined:undefined:undefined:undefined":30,"s:436:8:444:Infinity":112,"s:437:24:437:Infinity":113,"s:438:10:443:Infinity":114,"f:438:37:438:Infinity":52,"s:439:12:442:Infinity":115,"b:439:12:439:Infinity:440:12:440:Infinity:441:12:441:Infinity:442:12:442:Infinity":31,"s:447:8:449:Infinity":116,"f:447:35:447:Infinity":53,"s:448:10:448:Infinity":117,"b:448:10:448:38:448:38:448:Infinity":32,"b:452:8:456:Infinity:undefined:undefined:undefined:undefined":33,"s:452:8:456:Infinity":118,"s:453:10:455:Infinity":119,"f:453:37:453:Infinity":54,"s:454:12:454:Infinity":120,"b:459:8:463:Infinity:undefined:undefined:undefined:undefined":34,"s:459:8:463:Infinity":121,"s:460:10:462:Infinity":122,"f:460:37:460:Infinity":55,"s:461:12:461:Infinity":123,"b:461:12:461:26:461:26:461:Infinity":35,"b:466:8:470:Infinity:undefined:undefined:undefined:undefined":36,"s:466:8:470:Infinity":124,"s:473:8:485:Infinity":125,"f:473:22:473:23":56,"b:475:12:476:Infinity:477:12:478:Infinity:479:12:480:Infinity:481:12:481:Infinity:482:12:483:Infinity":37,"s:474:10:484:Infinity":126,"s:476:14:476:Infinity":127,"s:478:14:478:Infinity":128,"s:480:14:480:Infinity":129,"s:483:14:483:Infinity":130,"s:487:8:487:Infinity":131,"f:492:18:492:19":57,"s:492:30:507:Infinity":132,"f:508:13:508:14":58,"s:509:8:514:Infinity":133,"b:512:33:512:66:512:66:512:68":38,"b:513:32:513:64:513:64:513:66":39}}}
,"/Users/samiullah/kobys-threads/src/stores/useUserStore.ts": {"path":"/Users/samiullah/kobys-threads/src/stores/useUserStore.ts","statementMap":{"0":{"start":{"line":120,"column":19},"end":{"line":120,"column":null}},"1":{"start":{"line":120,"column":25},"end":{"line":120,"column":null}},"2":{"start":{"line":121,"column":24},"end":{"line":121,"column":null}},"3":{"start":{"line":121,"column":30},"end":{"line":121,"column":null}},"4":{"start":{"line":122,"column":29},"end":{"line":122,"column":null}},"5":{"start":{"line":122,"column":35},"end":{"line":122,"column":null}},"6":{"start":{"line":126,"column":35},"end":{"line":232,"column":null}},"7":{"start":{"line":234,"column":13},"end":{"line":648,"column":null}},"8":{"start":{"line":236,"column":19},"end":{"line":642,"column":null}},"9":{"start":{"line":246,"column":26},"end":{"line":246,"column":null}},"10":{"start":{"line":249,"column":8},"end":{"line":251,"column":null}},"11":{"start":{"line":249,"column":28},"end":{"line":249,"column":82}},"12":{"start":{"line":250,"column":10},"end":{"line":250,"column":null}},"13":{"start":{"line":253,"column":36},"end":{"line":268,"column":null}},"14":{"start":{"line":270,"column":8},"end":{"line":270,"column":null}},"15":{"start":{"line":271,"column":8},"end":{"line":271,"column":null}},"16":{"start":{"line":275,"column":26},"end":{"line":275,"column":null}},"17":{"start":{"line":276,"column":26},"end":{"line":276,"column":null}},"18":{"start":{"line":276,"column":47},"end":{"line":276,"column":62}},"19":{"start":{"line":278,"column":8},"end":{"line":278,"column":null}},"20":{"start":{"line":278,"column":30},"end":{"line":278,"column":null}},"21":{"start":{"line":280,"column":29},"end":{"line":280,"column":null}},"22":{"start":{"line":281,"column":8},"end":{"line":281,"column":null}},"23":{"start":{"line":282,"column":8},"end":{"line":282,"column":null}},"24":{"start":{"line":283,"column":8},"end":{"line":283,"column":null}},"25":{"start":{"line":287,"column":42},"end":{"line":287,"column":null}},"26":{"start":{"line":290,"column":8},"end":{"line":290,"column":null}},"27":{"start":{"line":290,"column":46},"end":{"line":290,"column":null}},"28":{"start":{"line":293,"column":21},"end":{"line":293,"column":null}},"29":{"start":{"line":293,"column":37},"end":{"line":293,"column":52}},"30":{"start":{"line":294,"column":8},"end":{"line":297,"column":null}},"31":{"start":{"line":295,"column":29},"end":{"line":295,"column":null}},"32":{"start":{"line":295,"column":47},"end":{"line":295,"column":65}},"33":{"start":{"line":296,"column":10},"end":{"line":296,"column":null}},"34":{"start":{"line":296,"column":31},"end":{"line":296,"column":null}},"35":{"start":{"line":299,"column":8},"end":{"line":299,"column":null}},"36":{"start":{"line":299,"column":39},"end":{"line":299,"column":54}},"37":{"start":{"line":300,"column":8},"end":{"line":300,"column":null}},"38":{"start":{"line":304,"column":8},"end":{"line":304,"column":null}},"39":{"start":{"line":304,"column":37},"end":{"line":304,"column":52}},"40":{"start":{"line":308,"column":8},"end":{"line":308,"column":null}},"41":{"start":{"line":308,"column":37},"end":{"line":308,"column":82}},"42":{"start":{"line":313,"column":21},"end":{"line":313,"column":null}},"43":{"start":{"line":315,"column":8},"end":{"line":317,"column":null}},"44":{"start":{"line":316,"column":10},"end":{"line":316,"column":null}},"45":{"start":{"line":320,"column":32},"end":{"line":320,"column":null}},"46":{"start":{"line":322,"column":8},"end":{"line":324,"column":null}},"47":{"start":{"line":323,"column":10},"end":{"line":323,"column":null}},"48":{"start":{"line":327,"column":8},"end":{"line":327,"column":null}},"49":{"start":{"line":330,"column":14},"end":{"line":330,"column":null}},"50":{"start":{"line":332,"column":8},"end":{"line":332,"column":null}},"51":{"start":{"line":336,"column":26},"end":{"line":336,"column":null}},"52":{"start":{"line":339,"column":8},"end":{"line":341,"column":null}},"53":{"start":{"line":340,"column":10},"end":{"line":340,"column":null}},"54":{"start":{"line":343,"column":8},"end":{"line":345,"column":null}},"55":{"start":{"line":344,"column":10},"end":{"line":344,"column":null}},"56":{"start":{"line":347,"column":8},"end":{"line":349,"column":null}},"57":{"start":{"line":347,"column":28},"end":{"line":347,"column":73}},"58":{"start":{"line":348,"column":10},"end":{"line":348,"column":null}},"59":{"start":{"line":352,"column":29},"end":{"line":352,"column":null}},"60":{"start":{"line":354,"column":24},"end":{"line":359,"column":null}},"61":{"start":{"line":361,"column":8},"end":{"line":363,"column":null}},"62":{"start":{"line":362,"column":10},"end":{"line":362,"column":null}},"63":{"start":{"line":365,"column":8},"end":{"line":365,"column":null}},"64":{"start":{"line":369,"column":21},"end":{"line":369,"column":null}},"65":{"start":{"line":371,"column":8},"end":{"line":373,"column":null}},"66":{"start":{"line":372,"column":10},"end":{"line":372,"column":null}},"67":{"start":{"line":376,"column":35},"end":{"line":376,"column":null}},"68":{"start":{"line":378,"column":8},"end":{"line":380,"column":null}},"69":{"start":{"line":379,"column":10},"end":{"line":379,"column":null}},"70":{"start":{"line":382,"column":8},"end":{"line":384,"column":null}},"71":{"start":{"line":383,"column":10},"end":{"line":383,"column":null}},"72":{"start":{"line":387,"column":32},"end":{"line":387,"column":null}},"73":{"start":{"line":388,"column":24},"end":{"line":388,"column":null}},"74":{"start":{"line":390,"column":8},"end":{"line":392,"column":null}},"75":{"start":{"line":396,"column":8},"end":{"line":396,"column":null}},"76":{"start":{"line":396,"column":36},"end":{"line":396,"column":null}},"77":{"start":{"line":397,"column":32},"end":{"line":397,"column":null}},"78":{"start":{"line":398,"column":8},"end":{"line":398,"column":null}},"79":{"start":{"line":402,"column":8},"end":{"line":408,"column":null}},"80":{"start":{"line":413,"column":22},"end":{"line":413,"column":null}},"81":{"start":{"line":414,"column":8},"end":{"line":420,"column":null}},"82":{"start":{"line":421,"column":8},"end":{"line":421,"column":null}},"83":{"start":{"line":425,"column":35},"end":{"line":425,"column":null}},"84":{"start":{"line":426,"column":8},"end":{"line":426,"column":null}},"85":{"start":{"line":431,"column":21},"end":{"line":431,"column":null}},"86":{"start":{"line":432,"column":8},"end":{"line":432,"column":null}},"87":{"start":{"line":432,"column":19},"end":{"line":432,"column":null}},"88":{"start":{"line":434,"column":52},"end":{"line":434,"column":null}},"89":{"start":{"line":435,"column":8},"end":{"line":435,"column":null}},"90":{"start":{"line":435,"column":26},"end":{"line":435,"column":null}},"91":{"start":{"line":436,"column":8},"end":{"line":436,"column":null}},"92":{"start":{"line":436,"column":41},"end":{"line":436,"column":null}},"93":{"start":{"line":437,"column":8},"end":{"line":437,"column":null}},"94":{"start":{"line":437,"colu
[...]
:457:19:457:Infinity":102,"s:459:24:459:Infinity":103,"s:460:36:463:Infinity":104,"s:465:8:467:Infinity":105,"s:469:8:469:Infinity":106,"f:472:25:472:26":27,"s:473:21:473:Infinity":107,"b:474:8:474:Infinity:undefined:undefined:undefined:undefined":24,"s:474:8:474:Infinity":108,"s:474:19:474:Infinity":109,"s:476:30:478:Infinity":110,"f:476:46:476:Infinity":28,"s:477:10:477:Infinity":111,"b:477:29:477:48:477:48:477:Infinity":25,"s:480:8:480:Infinity":112,"f:484:19:484:20":29,"s:485:21:485:Infinity":113,"b:486:8:486:Infinity:undefined:undefined:undefined:undefined":26,"s:486:8:486:Infinity":114,"b:486:12:486:21:486:21:486:57":27,"s:486:57:486:Infinity":115,"s:488:8:490:Infinity":116,"f:493:22:493:23":30,"s:494:21:494:Infinity":117,"b:495:8:495:Infinity:undefined:undefined:undefined:undefined":28,"s:495:8:495:Infinity":118,"s:495:19:495:Infinity":119,"s:497:8:499:Infinity":120,"f:498:43:498:49":31,"s:498:49:498:65":121,"f:503:23:503:24":32,"s:504:21:504:Infinity":122,"b:505:8:505:Infinity:undefined:undefined:undefined:undefined":29,"s:505:8:505:Infinity":123,"s:505:19:505:Infinity":124,"s:507:41:511:Infinity":125,"s:513:8:515:Infinity":126,"f:518:25:518:26":33,"s:519:21:519:Infinity":127,"b:520:8:520:Infinity:undefined:undefined:undefined:undefined":30,"s:520:8:520:Infinity":128,"s:520:19:520:Infinity":129,"s:522:32:524:Infinity":130,"f:522:55:522:Infinity":34,"s:523:10:523:Infinity":131,"b:523:40:523:59:523:59:523:Infinity":31,"s:526:8:526:Infinity":132,"f:530:24:530:25":35,"s:531:21:531:Infinity":133,"b:532:8:532:Infinity:undefined:undefined:undefined:undefined":32,"s:532:8:532:Infinity":134,"s:532:19:532:Infinity":135,"b:535:8:538:Infinity:undefined:undefined:undefined:undefined":33,"s:535:8:538:Infinity":136,"b:535:12:535:37:535:37:535:52":34,"s:536:31:536:Infinity":137,"f:536:50:536:55":36,"s:536:55:536:87":138,"b:536:55:536:77:536:77:536:87":35,"b:537:10:537:Infinity:undefined:undefined:undefined:undefined":36,"s:537:10:537:Infinity":139,"s:537:40:537:Infinity":140,"s:540:8:540:Infinity":141,"f:543:22:543:23":37,"s:544:21:544:Infinity":142,"b:545:8:545:Infinity:undefined:undefined:undefined:undefined":37,"s:545:8:545:Infinity":143,"b:545:12:545:21:545:21:545:44":38,"s:545:44:545:Infinity":144,"s:547:8:547:Infinity":145,"f:550:23:550:24":38,"s:551:21:551:Infinity":146,"b:552:8:552:Infinity:undefined:undefined:undefined:undefined":39,"s:552:8:552:Infinity":147,"b:552:12:552:21:552:21:552:44":40,"s:552:44:552:Infinity":148,"s:555:27:555:Infinity":149,"f:555:46:555:51":39,"s:555:51:555:69":150,"b:556:8:556:Infinity:undefined:undefined:undefined:undefined":41,"s:556:8:556:Infinity":151,"s:556:29:556:Infinity":152,"s:558:8:558:Infinity":153,"f:561:20:561:26":40,"s:562:26:562:Infinity":154,"s:563:30:563:Infinity":155,"s:564:8:564:Infinity":156,"s:566:8:571:Infinity":157,"f:568:36:568:41":41,"s:568:41:568:51":158,"f:569:35:569:40":42,"s:569:40:569:58":159,"f:570:38:570:43":43,"s:570:43:570:79":160,"f:575:19:575:25":44,"s:576:26:576:Infinity":161,"s:578:27:578:Infinity":162,"f:578:37:578:38":45,"s:578:68:578:72":163,"s:579:8:579:Infinity":164,"f:582:19:582:26":46,"s:583:8:640:Infinity":165,"s:584:32:584:Infinity":166,"b:585:10:587:Infinity:undefined:undefined:undefined:undefined":42,"s:585:10:587:Infinity":167,"s:586:12:586:Infinity":168,"s:589:35:589:Infinity":169,"s:590:25:590:Infinity":170,"s:591:28:591:Infinity":171,"s:594:38:594:Infinity":172,"s:596:29:611:Infinity":173,"f:596:50:596:51":47,"b:598:12:601:Infinity:undefined:undefined:undefined:undefined":43,"s:598:12:601:Infinity":174,"b:598:16:598:35:598:35:598:51":44,"s:599:14:599:Infinity":175,"s:600:14:600:Infinity":176,"b:604:12:607:Infinity:undefined:undefined:undefined:undefined":45,"s:604:12:607:Infinity":177,"f:604:27:604:32":48,"s:604:32:604:87":178,"s:605:14:605:Infinity":179,"s:606:14:606:Infinity":180,"s:609:12:609:Infinity":181,"s:610:12:610:Infinity":182,"s:613:27:633:Infinity":183,"f:613:42:613:43":49,"s:613:78:633:12":184,"b:618:19:618:36:618:36:618:Infinity":46,"b:621:20:621:39:621:39:621:Infinity":47,"b:622:23:622:45:622:45:622:Infinity":48,"b:623:27:623:53:623:53:623:Infinity":49,"b:624:22:624:43:624:31:624:Infinity":50,"b:626:22:626:43:626:43:626:Infinity":51,"b:628:37:628:73:628:73:632:Infinity":52,"s:635:10:635:Infinity":185,"s:637:10:637:Infinity":186,"s:639:10:639:Infinity":187}}}
,"/Users/samiullah/kobys-threads/src/utils/crypto.ts": {"path":"/Users/samiullah/kobys-threads/src/utils/crypto.ts","statementMap":{"0":{"start":{"line":12,"column":18},"end":{"line":12,"column":null}},"1":{"start":{"line":13,"column":15},"end":{"line":13,"column":null}},"2":{"start":{"line":14,"column":21},"end":{"line":14,"column":null}},"3":{"start":{"line":15,"column":20},"end":{"line":15,"column":null}},"4":{"start":{"line":16,"column":18},"end":{"line":16,"column":null}},"5":{"start":{"line":16,"column":37},"end":{"line":16,"column":68}},"6":{"start":{"line":17,"column":2},"end":{"line":17,"column":null}},"7":{"start":{"line":24,"column":22},"end":{"line":24,"column":null}},"8":{"start":{"line":25,"column":2},"end":{"line":25,"column":null}},"9":{"start":{"line":32,"column":16},"end":{"line":32,"column":null}},"10":{"start":{"line":33,"column":2},"end":{"line":33,"column":null}},"11":{"start":{"line":34,"column":2},"end":{"line":34,"column":null}},"12":{"start":{"line":34,"column":35},"end":{"line":34,"column":69}},"13":{"start":{"line":41,"column":32},"end":{"line":53,"column":null}},"14":{"start":{"line":60,"column":2},"end":{"line":62,"column":null}},"15":{"start":{"line":61,"column":4},"end":{"line":61,"column":null}},"16":{"start":{"line":63,"column":2},"end":{"line":63,"column":null}}},"fnMap":{"0":{"name":"hashPassword","decl":{"start":{"line":11,"column":22},"end":{"line":11,"column":35}},"loc":{"start":{"line":11,"column":70},"end":{"line":18,"column":null}},"line":11},"1":{"name":"(anonymous_1)","decl":{"start":{"line":16,"column":32},"end":{"line":16,"column":37}},"loc":{"start":{"line":16,"column":37},"end":{"line":16,"column":68}},"line":16},"2":{"name":"verifyPassword","decl":{"start":{"line":23,"column":22},"end":{"line":23,"column":37}},"loc":{"start":{"line":23,"column":87},"end":{"line":26,"column":null}},"line":23},"3":{"name":"generateSecureToken","decl":{"start":{"line":31,"column":16},"end":{"line":31,"column":46}},"loc":{"start":{"line":31,"column":46},"end":{"line":35,"column":null}},"line":31},"4":{"name":"(anonymous_4)","decl":{"start":{"line":34,"column":27},"end":{"line":34,"column":35}},"loc":{"start":{"line":34,"column":35},"end":{"line":34,"column":69}},"line":34},"5":{"name":"getDemoPassword","decl":{"start":{"line":59,"column":16},"end":{"line":59,"column":32}},"loc":{"start":{"line":59,"column":64},"end":{"line":64,"column":null}},"line":59}},"branchMap":{"0":{"loc":{"start":{"line":60,"column":2},"end":{"line":62,"column":null}},"type":"if","locations":[{"start":{"line":60,"column":2},"end":{"line":62,"column":null}},{"start":{},"end":{}}],"line":60}},"s":{"0":0,"1":0,"2":0,"3":0,"4":0,"5":0,"6":0,"7":0,"8":0,"9":0,"10":0,"11":0,"12":0,"13":1,"14":0,"15":0,"16":0},"f":{"0":0,"1":0,"2":0,"3":0,"4":0,"5":0},"b":{"0":[0,0]},"meta":{"lastBranch":1,"lastFunction":6,"lastStatement":17,"seen":{"f:11:22:11:35":0,"s:12:18:12:Infinity":0,"s:13:15:13:Infinity":1,"s:14:21:14:Infinity":2,"s:15:20:15:Infinity":3,"s:16:18:16:Infinity":4,"f:16:32:16:37":1,"s:16:37:16:68":5,"s:17:2:17:Infinity":6,"f:23:22:23:37":2,"s:24:22:24:Infinity":7,"s:25:2:25:Infinity":8,"f:31:16:31:46":3,"s:32:16:32:Infinity":9,"s:33:2:33:Infinity":10,"s:34:2:34:Infinity":11,"f:34:27:34:35":4,"s:34:35:34:69":12,"s:41:32:53:Infinity":13,"f:59:16:59:32":5,"b:60:2:62:Infinity:undefined:undefined:undefined:undefined":0,"s:60:2:62:Infinity":14,"s:61:4:61:Infinity":15,"s:63:2:63:Infinity":16}}}
,"/Users/samiullah/kobys-threads/src/utils/sessionManager.ts": {"path":"/Users/samiullah/kobys-threads/src/utils/sessionManager.ts","statementMap":{"0":{"start":{"line":16,"column":20},"end":{"line":16,"column":null}},"1":{"start":{"line":17,"column":25},"end":{"line":17,"column":null}},"2":{"start":{"line":24,"column":8},"end":{"line":24,"column":null}},"3":{"start":{"line":25,"column":14},"end":{"line":25,"column":null}},"4":{"start":{"line":27,"column":35},"end":{"line":32,"column":null}},"5":{"start":{"line":35,"column":2},"end":{"line":35,"column":null}},"6":{"start":{"line":37,"column":2},"end":{"line":37,"column":null}},"7":{"start":{"line":45,"column":21},"end":{"line":45,"column":null}},"8":{"start":{"line":47,"column":2},"end":{"line":49,"column":null}},"9":{"start":{"line":48,"column":4},"end":{"line":48,"column":null}},"10":{"start":{"line":51,"column":2},"end":{"line":65,"column":null}},"11":{"start":{"line":52,"column":33},"end":{"line":52,"column":null}},"12":{"start":{"line":53,"column":16},"end":{"line":53,"column":null}},"13":{"start":{"line":56,"column":4},"end":{"line":59,"column":null}},"14":{"start":{"line":57,"column":6},"end":{"line":57,"column":null}},"15":{"start":{"line":58,"column":6},"end":{"line":58,"column":null}},"16":{"start":{"line":61,"column":4},"end":{"line":61,"column":null}},"17":{"start":{"line":63,"column":4},"end":{"line":63,"column":null}},"18":{"start":{"line":64,"column":4},"end":{"line":64,"column":null}},"19":{"start":{"line":72,"column":18},"end":{"line":72,"column":null}},"20":{"start":{"line":73,"column":2},"end":{"line":73,"column":null}},"21":{"start":{"line":80,"column":2},"end":{"line":80,"column":null}},"22":{"start":{"line":87,"column":18},"end":{"line":87,"column":null}},"23":{"start":{"line":88,"column":2},"end":{"line":88,"column":null}},"24":{"start":{"line":95,"column":2},"end":{"line":95,"column":null}},"25":{"start":{"line":103,"column":18},"end":{"line":103,"column":null}},"26":{"start":{"line":105,"column":2},"end":{"line":107,"column":null}},"27":{"start":{"line":106,"column":4},"end":{"line":106,"column":null}},"28":{"start":{"line":109,"column":14},"end":{"line":109,"column":null}},"29":{"start":{"line":110,"column":2},"end":{"line":110,"column":null}},"30":{"start":{"line":112,"column":2},"end":{"line":112,"column":null}},"31":{"start":{"line":113,"column":2},"end":{"line":113,"column":null}},"32":{"start":{"line":127,"column":22},"end":{"line":127,"column":null}},"33":{"start":{"line":130,"column":2},"end":{"line":130,"column":null}},"34":{"start":{"line":134,"column":18},"end":{"line":134,"column":null}},"35":{"start":{"line":136,"column":2},"end":{"line":138,"column":null}},"36":{"start":{"line":137,"column":4},"end":{"line":137,"column":null}},"37":{"start":{"line":140,"column":2},"end":{"line":144,"column":null}},"38":{"start":{"line":141,"column":4},"end":{"line":141,"column":null}},"39":{"start":{"line":143,"column":4},"end":{"line":143,"column":null}},"40":{"start":{"line":148,"column":2},"end":{"line":148,"column":null}}},"fnMap":{"0":{"name":"createSession","decl":{"start":{"line":23,"column":16},"end":{"line":23,"column":30}},"loc":{"start":{"line":23,"column":54},"end":{"line":38,"column":null}},"line":23},"1":{"name":"getSession","decl":{"start":{"line":44,"column":16},"end":{"line":44,"column":49}},"loc":{"start":{"line":44,"column":49},"end":{"line":66,"column":null}},"line":44},"2":{"name":"validateSession","decl":{"start":{"line":71,"column":16},"end":{"line":71,"column":32}},"loc":{"start":{"line":71,"column":56},"end":{"line":74,"column":null}},"line":71},"3":{"name":"clearSession","decl":{"start":{"line":79,"column":16},"end":{"line":79,"column":37}},"loc":{"start":{"line":79,"column":37},"end":{"line":81,"column":null}},"line":79},"4":{"name":"getSessionUserId","decl":{"start":{"line":86,"column":16},"end":{"line":86,"column":50}},"loc":{"start":{"line":86,"column":50},"end":{"line":89,"column":null}},"line":86},"5":{"name":"hasActiveSession","decl":{"start":{"line":94,"column":16},"end":{"line":94,"column":44}},"loc":{"start":{"line":94,"column":44},"end":{"line":96,"column":null}},"line":94},"6":{"name":"extendSession","decl":{"start":{"line":102,"column":16},"end":{"line":102,"column":41}},"loc":{"start":{"line":102,"column":41},"end":{"line":114,"column":null}},"line":102},"7":{"name":"storeUserData","decl":{"start":{"line":129,"column":16},"end":{"line":129,"column":30}},"loc":{"start":{"line":129,"column":63},"end":{"line":131,"column":null}},"line":129},"8":{"name":"getUserData","decl":{"start":{"line":133,"column":16},"end":{"line":133,"column":54}},"loc":{"start":{"line":133,"column":54},"end":{"line":145,"column":null}},"line":133},"9":{"name":"clearUserData","decl":{"start":{"line":147,"column":16},"end":{"line":147,"column":38}},"loc":{"start":{"line":147,"column":38},"end":{"line":149,"column":null}},"line":147}},"branchMap":{"0":{"loc":{"start":{"line":47,"column":2},"end":{"line":49,"column":null}},"type":"if","locations":[{"start":{"line":47,"column":2},"end":{"line":49,"column":null}},{"start":{},"end":{}}],"line":47},"1":{"loc":{"start":{"line":56,"column":4},"end":{"line":59,"column":null}},"type":"if","locations":[{"start":{"line":56,"column":4},"end":{"line":59,"column":null}},{"start":{},"end":{}}],"line":56},"2":{"loc":{"start":{"line":73,"column":9},"end":{"line":73,"column":null}},"type":"binary-expr","locations":[{"start":{"line":73,"column":9},"end":{"line":73,"column":29}},{"start":{"line":73,"column":29},"end":{"line":73,"column":null}}],"line":73},"3":{"loc":{"start":{"line":88,"column":9},"end":{"line":88,"column":null}},"type":"binary-expr","locations":[{"start":{"line":88,"column":9},"end":{"line":88,"column":28}},{"start":{"line":88,"column":28},"end":{"line":88,"column":null}}],"line":88},"4":{"loc":{"start":{"line":105,"column":2},"end":{"line":107,"column":null}},"type":"if","locations":[{"start":{"line":105,"column":2},"end":{"line":107,"column":null}},{"start":{},"end":{}}],"line":105},"5":{"loc":{"start":{"line":136,"column":2},"end":{"line":138,"column":null}},"type":"if","locations":[{"start":{"line":136,"column":2},"end":{"line":138,"column":null}},{"start":{},"end":{}}],"line":136}},"s":{"0":1,"1":1,"2":0,"3":0,"4":0,"5":0,"6":0,"7":0,"8":0,"9":0,"10":0,"11":0,"12":0,"13":0,"14":0,"15":0,"16":0,"17":0,"18":0,"19":0,"20":0,"21":0,"22":0,"23":0,"24":0,"25":0,"26":0,"27":0,"28":0,"29":0,"30":0,"31":0,"32":1,"33":0,"34":0,"35":0,"36":0,"37":0,"38":0,"39":0,"40":0},"f":{"0":0,"1":0,"2":0,"3":0,"4":0,"5":0,"6":0,"7":0,"8":0,"9":0},"b":{"0":[0,0],"1":[0,0],"2":[0,0],"3":[0,0],"4":[0,0],"5":[0,0]},"meta":{"lastBranch":6,"lastFunction":10,"lastStatement":41,"seen":{"s:16:20:16:Infinity":0,"s:17:25:17:Infinity":1,"f:23:16:23:30":0,"s:24:8:24:Infinity":2,"s:25:14:25:Infinity":3,"s:27:35:32:Infinity":4,"s:35:2:35:Infinity":5,"s:37:2:37:Infinity":6,"f:44:16:44:49":1,"s:45:21:45:Infinity":7,"b:47:2:49:Infinity:undefined:undefined:undefined:undefined":0,"s:47:2:49:Infinity":8,"s:48:4:48:Infinity":9,"s:51:2:65:Infinity":10,"s:52:33:52:Infinity":11,"s:53:16:53:Infinity":12,"b:56:4:59:Infinity:undefined:undefined:undefined:undefined":1,"s:56:4:59:Infinity":13,"s:57:6:57:Infinity":14,"s:58:6:58:Infinity":15,"s:61:4:61:Infinity":16,"s:63:4:63:Infinity":17,"s:64:4:64:Infinity":18,"f:71:16:71:32":2,"s:72:18:72:Infinity":19,"s:73:2:73:Infinity":20,"b:73:9:73:29:73:29:73:Infinity":2,"f:79:16:79:37":3,"s:80:2:80:Infinity":21,"f:86:16:86:50":4,"s:87:18:87:Infinity":22,"s:88:2:88:Infinity":23,"b:88:9:88:28:88:28:88:Infinity":3,"f:94:16:94:44":5,"s:95:2:95:Infinity":24,"f:102:16:102:41":6,"s:103:18:103:Infinity":25,"b:105:2:107:Infinity:undefined:undefined:undefined:undefined":4,"s:105:2:107:Infinity":26,"s:106:4:106:Infinity":27,"s:109:14:109:Infinity":28,"s:110:2:110:Infinity":29,"s:112:2:112:Infinity":30,"s:113:2:113:Infinity":31,"s:127:22:127:Infinity":32,"f:129:16:129:30":7,"s:130:2:130:Infinity":33,"f:133:16:133:54":8,"s:134:18:134:Infinity":34,"b:136:2:138:Infinity:undefined:undefined:undefined:undefined":5,"s:136:2:138:Infinity":35,"s:137:4:137:Infinity":36,"s:140:2:144:Infinity":37,"s:141:4:141:Infinity":38,"s:143:4:143:Infinity":39,"f:147:16:147:38":9,"s:148:2:148:Infinity":40}}}
,"/Users/samiullah/kobys-threads/src/utils/taxCalculator.ts": {"path":"/Users/samiullah/kobys-threads/src/utils/taxCalculator.ts","statementMap":{"0":{"start":{"line":12,"column":50},"end":{"line":139,"column":null}},"1":{"start":{"line":147,"column":28},"end":{"line":173,"column":null}},"2":{"start":{"line":153,"column":18},"end":{"line":153,"column":null}},"3":{"start":{"line":155,"column":2},"end":{"line":163,"column":null}},"4":{"start":{"line":157,"column":4},"end":{"line":162,"column":null}},"5":{"start":{"line":165,"column":20},"end":{"line":165,"column":null}},"6":{"start":{"line":167,"column":2},"end":{"line":172,"column":null}},"7":{"start":{"line":180,"column":26},"end":{"line":182,"column":null}},"8":{"start":{"line":181,"column":2},"end":{"line":181,"column":null}},"9":{"start":{"line":189,"column":22},"end":{"line":191,"column":null}},"10":{"start":{"line":190,"column":2},"end":{"line":190,"column":null}},"11":{"start":{"line":197,"column":37},"end":{"line":199,"column":null}},"12":{"start":{"line":198,"column":2},"end":{"line":198,"column":null}},"13":{"start":{"line":207,"column":32},"end":{"line":212,"column":null}},"14":{"start":{"line":208,"column":2},"end":{"line":210,"column":null}},"15":{"start":{"line":209,"column":4},"end":{"line":209,"column":null}},"16":{"start":{"line":211,"column":2},"end":{"line":211,"column":null}}},"fnMap":{"0":{"name":"(anonymous_0)","decl":{"start":{"line":147,"column":28},"end":{"line":147,"column":29}},"loc":{"start":{"line":152,"column":5},"end":{"line":173,"column":null}},"line":152},"1":{"name":"(anonymous_1)","decl":{"start":{"line":180,"column":26},"end":{"line":180,"column":27}},"loc":{"start":{"line":180,"column":63},"end":{"line":182,"column":null}},"line":180},"2":{"name":"(anonymous_2)","decl":{"start":{"line":189,"column":22},"end":{"line":189,"column":23}},"loc":{"start":{"line":189,"column":52},"end":{"line":191,"column":null}},"line":189},"3":{"name":"(anonymous_3)","decl":{"start":{"line":197,"column":37},"end":{"line":197,"column":53}},"loc":{"start":{"line":197,"column":53},"end":{"line":199,"column":null}},"line":197},"4":{"name":"(anonymous_4)","decl":{"start":{"line":207,"column":32},"end":{"line":207,"column":33}},"loc":{"start":{"line":207,"column":80},"end":{"line":212,"column":null}},"line":207}},"branchMap":{"0":{"loc":{"start":{"line":155,"column":2},"end":{"line":163,"column":null}},"type":"if","locations":[{"start":{"line":155,"column":2},"end":{"line":163,"column":null}},{"start":{},"end":{}}],"line":155},"1":{"loc":{"start":{"line":181,"column":9},"end":{"line":181,"column":null}},"type":"binary-expr","locations":[{"start":{"line":181,"column":9},"end":{"line":181,"column":31}},{"start":{"line":181,"column":31},"end":{"line":181,"column":null}}],"line":181},"2":{"loc":{"start":{"line":208,"column":2},"end":{"line":210,"column":null}},"type":"if","locations":[{"start":{"line":208,"column":2},"end":{"line":210,"column":null}},{"start":{},"end":{}}],"line":208}},"s":{"0":1,"1":1,"2":20,"3":20,"4":1,"5":19,"6":19,"7":1,"8":7,"9":1,"10":8,"11":1,"12":4,"13":1,"14":6,"15":1,"16":5},"f":{"0":20,"1":7,"2":8,"3":4,"4":6},"b":{"0":[1,19],"1":[7,1],"2":[1,5]},"meta":{"lastBranch":3,"lastFunction":5,"lastStatement":17,"seen":{"s:12:50:139:Infinity":0,"s:147:28:173:Infinity":1,"f:147:28:147:29":0,"s:153:18:153:Infinity":2,"b:155:2:163:Infinity:undefined:undefined:undefined:undefined":0,"s:155:2:163:Infinity":3,"s:157:4:162:Infinity":4,"s:165:20:165:Infinity":5,"s:167:2:172:Infinity":6,"s:180:26:182:Infinity":7,"f:180:26:180:27":1,"s:181:2:181:Infinity":8,"b:181:9:181:31:181:31:181:Infinity":1,"s:189:22:191:Infinity":9,"f:189:22:189:23":2,"s:190:2:190:Infinity":10,"s:197:37:199:Infinity":11,"f:197:37:197:53":3,"s:198:2:198:Infinity":12,"s:207:32:212:Infinity":13,"f:207:32:207:33":4,"b:208:2:210:Infinity:undefined:undefined:undefined:undefined":2,"s:208:2:210:Infinity":14,"s:209:4:209:Infinity":15,"s:211:2:211:Infinity":16}}}
}
